<?xml version="1.0" encoding="utf-8"?>
<TestRun id="9bd41dd3-7ce7-49c2-a109-76da602b195c" name="bilal.siddiqui@DEV-BILALSIDDQU 2026-04-14 17:41:46" runUser="LOGICIELSERVICE\bilal.siddiqui" xmlns="http://microsoft.com/schemas/VisualStudio/TeamTest/2010">
  <Times creation="2026-04-14T17:41:46.7997994+05:00" queuing="2026-04-14T17:41:46.7997999+05:00" start="2026-04-14T17:41:45.9301579+05:00" finish="2026-04-14T17:41:46.9267069+05:00" />
  <TestSettings name="default" id="c071fae0-625b-491e-9130-555d30ba14b7">
    <Deployment runDeploymentRoot="bilal.siddiqui_DEV-BILALSIDDQU_2026-04-14_17_41_46" />
  </TestSettings>
  <Results>
    <UnitTestResult executionId="bbf8cd8c-5c03-4737-a53d-249a35069189" testId="eca20ea5-f49f-29fd-27cf-c714ab18b295" testName="SkiaSharpControlV2.Tests.Helpers.HelperTests.ApplyFormat_WithAcronym_LargeNumber_ShowsK" computerName="DEV-BILALSIDDQU" duration="00:00:00.0000782" startTime="2026-04-14T17:41:46.8634814+05:00" endTime="2026-04-14T17:41:46.8634814+05:00" testType="13cdc9d9-ddb5-4fa4-a97d-d965ccfc6d4b" outcome="Passed" testListId="8c84fa94-04c1-424b-9868-57a2d4851a1d" relativeResultsDirectory="bbf8cd8c-5c03-4737-a53d-249a35069189" />
    <UnitTestResult executionId="b6991661-5cfa-49ec-8e8c-029a293d4e47" testId="1fc953f4-eac8-1629-6ca6-e13162b36eac" testName="SkiaSharpControlV2.Tests.Renderer.CompareValuesTests.CompareValues_String(left: &quot;abc&quot;, right: &quot;def&quot;, op: NotEquals, expected: True)" computerName="DEV-BILALSIDDQU" duration="00:00:00.0000012" startTime="2026-04-14T17:41:46.7813135+05:00" endTime="2026-04-14T17:41:46.7813136+05:00" testType="13cdc9d9-ddb5-4fa4-a97d-d965ccfc6d4b" outcome="Passed" testListId="8c84fa94-04c1-424b-9868-57a2d4851a1d" relativeResultsDirectory="b6991661-5cfa-49ec-8e8c-029a293d4e47" />
    <UnitTestResult executionId="38e11849-ffa2-4fd7-a359-a6068a495adf" testId="21d26d1b-3233-606e-37ab-18260563569d" testName="SkiaSharpControlV2.Tests.Helpers.CustomCollectionViewTests.GroupAggregation_Distinct_JoinsUnique" computerName="DEV-BILALSIDDQU" duration="00:00:00.0010468" startTime="2026-04-14T17:41:46.8286741+05:00" endTime="2026-04-14T17:41:46.8286742+05:00" testType="13cdc9d9-ddb5-4fa4-a97d-d965ccfc6d4b" outcome="Passed" testListId="8c84fa94-04c1-424b-9868-57a2d4851a1d" relativeResultsDirectory="38e11849-ffa2-4fd7-a359-a6068a495adf" />
    <UnitTestResult executionId="81fd8bef-db1b-4d88-a241-0313efaff28c" testId="a9efb694-af2d-db9e-0559-7085d82f694d" testName="SkiaSharpControlV2.Tests.Renderer.CompareValuesTests.CompareValues_Numeric(left: 50, right: 100, op: LessThan, expected: True)" computerName="DEV-BILALSIDDQU" duration="00:00:00.0003106" startTime="2026-04-14T17:41:46.7800811+05:00" endTime="2026-04-14T17:41:46.7800812+05:00" testType="13cdc9d9-ddb5-4fa4-a97d-d965ccfc6d4b" outcome="Passed" testListId="8c84fa94-04c1-424b-9868-57a2d4851a1d" relativeResultsDirectory="81fd8bef-db1b-4d88-a241-0313efaff28c" />
    <UnitTestResult executionId="02de47b1-65d4-4c8a-be03-441091044495" testId="b1a8e507-1512-aeb4-4566-63f32bbf2ce6" testName="SkiaSharpControlV2.Tests.Models.FilterTests.ToString_ReturnsNonNull" computerName="DEV-BILALSIDDQU" duration="00:00:00.0002613" startTime="2026-04-14T17:41:46.8163160+05:00" endTime="2026-04-14T17:41:46.8163160+05:00" testType="13cdc9d9-ddb5-4fa4-a97d-d965ccfc6d4b" outcome="Passed" testListId="8c84fa94-04c1-424b-9868-57a2d4851a1d" relativeResultsDirectory="02de47b1-65d4-4c8a-be03-441091044495" />
    <UnitTestResult executionId="594b37e2-f6a8-4b2b-bd70-021a5c243d5b" testId="489d1d61-4553-882a-d395-2e1984ed203d" testName="SkiaSharpControlV2.Tests.Models.TriggerEvaluationTests.EvaluateCondition_DoubleNotEquals_True" computerName="DEV-BILALSIDDQU" duration="00:00:00.0000818" startTime="2026-04-14T17:41:46.8170312+05:00" endTime="2026-04-14T17:41:46.8170312+05:00" testType="13cdc9d9-ddb5-4fa4-a97d-d965ccfc6d4b" outcome="Passed" testListId="8c84fa94-04c1-424b-9868-57a2d4851a1d" relativeResultsDirectory="594b37e2-f6a8-4b2b-bd70-021a5c243d5b" />
    <UnitTestResult executionId="4039c52c-8c81-4d72-873e-2e15af2ce779" testId="8075aab2-1909-53c8-f4b1-0f3cf0f8c0e6" testName="SkiaSharpControlV2.Tests.Helpers.HelperTests.GetColorBrush_ValidHex_ReturnsBrush" computerName="DEV-BILALSIDDQU" duration="00:00:00.0000913" startTime="2026-04-14T17:41:46.8667173+05:00" endTime="2026-04-14T17:41:46.8667174+05:00" testType="13cdc9d9-ddb5-4fa4-a97d-d965ccfc6d4b" outcome="Passed" testListId="8c84fa94-04c1-424b-9868-57a2d4851a1d" relativeResultsDirectory="4039c52c-8c81-4d72-873e-2e15af2ce779" />
    <UnitTestResult executionId="eb6f0717-6e4d-45bb-a5d1-e3c44c69a000" testId="8cfc0c02-d44e-2e26-5623-1815ea0f58e4" testName="SkiaSharpControlV2.Tests.Helpers.CustomCollectionViewTests.SourceRemove_FiresCollectionChanged" computerName="DEV-BILALSIDDQU" duration="00:00:00.0004108" startTime="2026-04-14T17:41:46.8275977+05:00" endTime="2026-04-14T17:41:46.8275977+05:00" testType="13cdc9d9-ddb5-4fa4-a97d-d965ccfc6d4b" outcome="Passed" testListId="8c84fa94-04c1-424b-9868-57a2d4851a1d" relativeResultsDirectory="eb6f0717-6e4d-45bb-a5d1-e3c44c69a000" />
    <UnitTestResult executionId="c43ac2b7-e791-42e2-9a9f-67d581d5420c" testId="85f2df49-80de-2a61-c440-c96b20006c5b" testName="SkiaSharpControlV2.Tests.Models.SKGroupConditionTests.DefaultValues_AreCorrect" computerName="DEV-BILALSIDDQU" duration="00:00:00.0001136" startTime="2026-04-14T17:41:46.8113531+05:00" endTime="2026-04-14T17:41:46.8113531+05:00" testType="13cdc9d9-ddb5-4fa4-a97d-d965ccfc6d4b" outcome="Passed" testListId="8c84fa94-04c1-424b-9868-57a2d4851a1d" relativeResultsDirectory="c43ac2b7-e791-42e2-9a9f-67d581d5420c" />
    <UnitTestResult executionId="55335093-ab92-450a-928c-429f8b261886" testId="5f603f63-4bfb-caa6-dfdd-46ed513606b2" testName="SkiaSharpControlV2.Tests.Services.GridExportServiceTests.Export_NullColumns_ReturnsEmpty" computerName="DEV-BILALSIDDQU" duration="00:00:00.0001219" startTime="2026-04-14T17:41:46.8195110+05:00" endTime="2026-04-14T17:41:46.8195111+05:00" testType="13cdc9d9-ddb5-4fa4-a97d-d965ccfc6d4b" outcome="Passed" testListId="8c84fa94-04c1-424b-9868-57a2d4851a1d" relativeResultsDirectory="55335093-ab92-450a-928c-429f8b261886" />
    <UnitTestResult executionId="5fd7567a-a69d-4974-961b-3de521271f0f" testId="2565d4a2-781b-0d60-b076-83d81d540e69" testName="SkiaSharpControlV2.Tests.Helpers.ReflectionHelperTests.GetPropValue_ReturnsRawValue" computerName="DEV-BILALSIDDQU" duration="00:00:00.0003045" startTime="2026-04-14T17:41:46.7789253+05:00" endTime="2026-04-14T17:41:46.7789254+05:00" testType="13cdc9d9-ddb5-4fa4-a97d-d965ccfc6d4b" outcome="Passed" testListId="8c84fa94-04c1-424b-9868-57a2d4851a1d" relativeResultsDirectory="5fd7567a-a69d-4974-961b-3de521271f0f" />
    <UnitTestResult executionId="4b426691-12fc-43e0-8612-6aeb4b784c03" testId="bf6faef9-6c4a-99f4-4b54-1aa89686f46c" testName="SkiaSharpControlV2.Tests.Models.SKConditionTests.Binding_DP_CanBeSet" computerName="DEV-BILALSIDDQU" duration="00:00:00.0521420" startTime="2026-04-14T17:41:46.8088867+05:00" endTime="2026-04-14T17:41:46.8088867+05:00" testType="13cdc9d9-ddb5-4fa4-a97d-d965ccfc6d4b" outcome="Passed" testListId="8c84fa94-04c1-424b-9868-57a2d4851a1d" relativeResultsDirectory="4b426691-12fc-43e0-8612-6aeb4b784c03" />
    <UnitTestResult executionId="3f295fc6-2d37-4273-834a-f657d3177ab0" testId="fa0cf93a-81c9-4efb-8b57-85619bd5d9fc" testName="SkiaSharpControlV2.Tests.Models.EnumTests.SKOperation_AllValuesExist(value: GreaterThanOrEqual)" computerName="DEV-BILALSIDDQU" duration="00:00:00.0000005" startTime="2026-04-14T17:41:46.7790971+05:00" endTime="2026-04-14T17:41:46.7790972+05:00" testType="13cdc9d9-ddb5-4fa4-a97d-d965ccfc6d4b" outcome="Passed" testListId="8c84fa94-04c1-424b-9868-57a2d4851a1d" relativeResultsDirectory="3f295fc6-2d37-4273-834a-f657d3177ab0" />
    <UnitTestResult executionId="77b11916-b2b9-4a56-af2d-e181f74fea4b" testId="e6347c24-28e8-dbe5-6619-4bdb4114c021" testName="SkiaSharpControlV2.Tests.Models.SkButtonTests.Name_CanBeSetToValidString" computerName="DEV-BILALSIDDQU" duration="00:00:00.0009857" startTime="2026-04-14T17:41:46.8113947+05:00" endTime="2026-04-14T17:41:46.8113947+05:00" testType="13cdc9d9-ddb5-4fa4-a97d-d965ccfc6d4b" outcome="Passed" testListId="8c84fa94-04c1-424b-9868-57a2d4851a1d" relativeResultsDirectory="77b11916-b2b9-4a56-af2d-e181f74fea4b" />
    <UnitTestResult executionId="a86d0e61-baa4-41cc-84b7-c0d36eda8e74" testId="dc2c5b70-73e0-6683-cdd1-5bcaa16e0169" testName="SkiaSharpControlV2.Tests.Services.GridAppearanceConfigTests.RowHeight_Formula_Correct(fontSize: 18, expectedRowHeight: 22)" computerName="DEV-BILALSIDDQU" duration="00:00:00.0002132" startTime="2026-04-14T17:41:46.7779192+05:00" endTime="2026-04-14T17:41:46.7779192+05:00" testType="13cdc9d9-ddb5-4fa4-a97d-d965ccfc6d4b" outcome="Passed" testListId="8c84fa94-04c1-424b-9868-57a2d4851a1d" relativeResultsDirectory="a86d0e61-baa4-41cc-84b7-c0d36eda8e74" />
    <UnitTestResult executionId="c6a81f67-0570-44a8-96fc-8f4673a108f8" testId="2317df9f-6139-5ad5-d8df-49fbc8dadb7d" testName="SkiaSharpControlV2.Tests.Helpers.HelperTests.ApplyFormat_NoFormat_ReturnsOriginalValue" computerName="DEV-BILALSIDDQU" duration="00:00:00.0000608" startTime="2026-04-14T17:41:46.8673215+05:00" endTime="2026-04-14T17:41:46.8673215+05:00" testType="13cdc9d9-ddb5-4fa4-a97d-d965ccfc6d4b" outcome="Passed" testListId="8c84fa94-04c1-424b-9868-57a2d4851a1d" relativeResultsDirectory="c6a81f67-0570-44a8-96fc-8f4673a108f8" />
    <UnitTestResult executionId="2cab0572-55bf-4e0e-bc27-c990f848ab49" testId="9e06f7fa-b1ef-65c0-eac9-994453d83099" testName="SkiaSharpControlV2.Tests.Models.EnumTests.SkAggregation_AllValuesExist(value: None)" computerName="DEV-BILALSIDDQU" duration="00:00:00.0001477" startTime="2026-04-14T17:41:46.7794133+05:00" endTime="2026-04-14T17:41:46.7794134+05:00" testType="13cdc9d9-ddb5-4fa4-a97d-d965ccfc6d4b" outcome="Passed" testListId="8c84fa94-04c1-424b-9868-57a2d4851a1d" relativeResultsDirectory="2cab0572-55bf-4e0e-bc27-c990f848ab49" />
    <UnitTestResult executionId="6576c4ef-10e7-4d98-ac46-a68ed651fa5e" testId="d1c8e26a-1ab8-67f7-92c9-6606da9ca606" testName="SkiaSharpControlV2.Tests.Helpers.HelperTests.IsFontInstalled_Arial_ReturnsTrue" computerName="DEV-BILALSIDDQU" duration="00:00:00.0001045" startTime="2026-04-14T17:41:46.8610643+05:00" endTime="2026-04-14T17:41:46.8610645+05:00" testType="13cdc9d9-ddb5-4fa4-a97d-d965ccfc6d4b" outcome="Passed" testListId="8c84fa94-04c1-424b-9868-57a2d4851a1d" relativeResultsDirectory="6576c4ef-10e7-4d98-ac46-a68ed651fa5e" />
    <UnitTestResult executionId="3c1782a5-76a8-4165-933b-42ffa22ae118" testId="555e5d1a-745a-dcdc-e4ea-3b1aff07743b" testName="SkiaSharpControlV2.Tests.Helpers.SkFontFactoryTests.CreateSkFont_BoldItalic_ReturnsFont" computerName="DEV-BILALSIDDQU" duration="00:00:00.0000819" startTime="2026-04-14T17:41:46.8394275+05:00" endTime="2026-04-14T17:41:46.8394276+05:00" testType="13cdc9d9-ddb5-4fa4-a97d-d965ccfc6d4b" outcome="Passed" testListId="8c84fa94-04c1-424b-9868-57a2d4851a1d" relativeResultsDirectory="3c1782a5-76a8-4165-933b-42ffa22ae118" />
    <UnitTestResult executionId="99ddb2ca-27d8-4f37-8675-01a85065dec4" testId="8d74a6fa-3ef5-6036-16dd-72f4db396a52" testName="SkiaSharpControlV2.Tests.Diagnostics.GridMetricsTests.IsEnabled_DefaultFalse" computerName="DEV-BILALSIDDQU" duration="00:00:00.0001557" startTime="2026-04-14T17:41:46.7843856+05:00" endTime="2026-04-14T17:41:46.7843858+05:00" testType="13cdc9d9-ddb5-4fa4-a97d-d965ccfc6d4b" outcome="Passed" testListId="8c84fa94-04c1-424b-9868-57a2d4851a1d" relativeResultsDirectory="99ddb2ca-27d8-4f37-8675-01a85065dec4" />
    <UnitTestResult executionId="f4a9ceff-54f2-4385-8a2d-9d51ff002b48" testId="6bae5f38-0a8a-bde1-f0c4-5a0ca9b361fe" testName="SkiaSharpControlV2.Tests.Helpers.CustomCollectionViewTests.SourceClear_ViewCleared" computerName="DEV-BILALSIDDQU" duration="00:00:00.0002078" startTime="2026-04-14T17:41:46.8243733+05:00" endTime="2026-04-14T17:41:46.8243734+05:00" testType="13cdc9d9-ddb5-4fa4-a97d-d965ccfc6d4b" outcome="Passed" testListId="8c84fa94-04c1-424b-9868-57a2d4851a1d" relativeResultsDirectory="f4a9ceff-54f2-4385-8a2d-9d51ff002b48" />
    <UnitTestResult executionId="1c488e2e-0ced-4ed7-ba0d-1dd1cc7f3c86" testId="408a6fa0-16f9-0229-ce74-e0ac500a0b46" testName="SkiaSharpControlV2.Tests.Helpers.CustomCollectionViewTests.AddOrUpdateFilter_TextFilter_FiltersItems" computerName="DEV-BILALSIDDQU" duration="00:00:00.0004174" startTime="2026-04-14T17:41:46.8298652+05:00" endTime="2026-04-14T17:41:46.8298653+05:00" testType="13cdc9d9-ddb5-4fa4-a97d-d965ccfc6d4b" outcome="Passed" testListId="8c84fa94-04c1-424b-9868-57a2d4851a1d" relativeResultsDirectory="1c488e2e-0ced-4ed7-ba0d-1dd1cc7f3c86" />
    <UnitTestResult executionId="21adb0ac-3c2e-4013-b59b-6f71da82221a" testId="a8eda5f5-1ef9-4cb5-d9e8-dc81defd6f09" testName="SkiaSharpControlV2.Tests.Models.TriggerEvaluationTests.EvaluateCondition_DoubleLessThanOrEqual_Equal" computerName="DEV-BILALSIDDQU" duration="00:00:00.0000725" startTime="2026-04-14T17:41:46.8167678+05:00" endTime="2026-04-14T17:41:46.8167679+05:00" testType="13cdc9d9-ddb5-4fa4-a97d-d965ccfc6d4b" outcome="Passed" testListId="8c84fa94-04c1-424b-9868-57a2d4851a1d" relativeResultsDirectory="21adb0ac-3c2e-4013-b59b-6f71da82221a" />
    <UnitTestResult executionId="bc3b35af-d32a-4521-93f8-74976f31ec9d" testId="1ae77739-1ea4-08b7-f055-06aa6b210122" testName="SkiaSharpControlV2.Tests.Models.SKBaseColumnTests.PropertyChanged_FiresOnNameSet" computerName="DEV-BILALSIDDQU" duration="00:00:00.0002098" startTime="2026-04-14T17:41:46.8147496+05:00" endTime="2026-04-14T17:41:46.8147496+05:00" testType="13cdc9d9-ddb5-4fa4-a97d-d965ccfc6d4b" outcome="Passed" testListId="8c84fa94-04c1-424b-9868-57a2d4851a1d" relativeResultsDirectory="bc3b35af-d32a-4521-93f8-74976f31ec9d" />
    <UnitTestResult executionId="a887f7d8-fc1c-48f6-8729-759e77517e84" testId="d7879d3c-427c-68e9-b606-4836a5e6378a" testName="SkiaSharpControlV2.Tests.Helpers.CustomCollectionViewTests.AddOrUpdateFilter_ListFilter_FiltersItems" computerName="DEV-BILALSIDDQU" duration="00:00:00.0006266" startTime="2026-04-14T17:41:46.8355261+05:00" endTime="2026-04-14T17:41:46.8355262+05:00" testType="13cdc9d9-ddb5-4fa4-a97d-d965ccfc6d4b" outcome="Passed" testListId="8c84fa94-04c1-424b-9868-57a2d4851a1d" relativeResultsDirectory="a887f7d8-fc1c-48f6-8729-759e77517e84" />
    <UnitTestResult executionId="b8e22044-b4fc-43ec-8d31-7395cb344ff2" testId="0a9abdbf-5516-abf6-ed10-8e070b40a724" testName="SkiaSharpControlV2.Tests.Services.GridExportServiceTests.Export_FlatItems_IncludesFormattedPrices" computerName="DEV-BILALSIDDQU" duration="00:00:00.0006658" startTime="2026-04-14T17:41:46.8200158+05:00" endTime="2026-04-14T17:41:46.8200159+05:00" testType="13cdc9d9-ddb5-4fa4-a97d-d965ccfc6d4b" outcome="Passed" testListId="8c84fa94-04c1-424b-9868-57a2d4851a1d" relativeResultsDirectory="b8e22044-b4fc-43ec-8d31-7395cb344ff2" />
    <UnitTestResult executionId="c0fa9ec4-96da-42b3-b8ee-98bd523f29ff" testId="d93f2e1c-1e3d-3cf2-effc-058d8fe96ffb" testName="SkiaSharpControlV2.Tests.Models.FilterTests.DefaultValues_AreCorrect" computerName="DEV-BILALSIDDQU" duration="00:00:00.0000774" startTime="2026-04-14T17:41:46.8167228+05:00" endTime="2026-04-14T17:41:46.8167228+05:00" testType="13cdc9d9-ddb5-4fa4-a97d-d965ccfc6d4b" outcome="Passed" testListId="8c84fa94-04c1-424b-9868-57a2d4851a1d" relativeResultsDirectory="c0fa9ec4-96da-42b3-b8ee-98bd523f29ff" />
    <UnitTestResult executionId="0a7ed63d-469b-48e2-b41e-03a0a0ea87f9" testId="2ceb2460-ab2b-1691-a830-35a5a01b7c0b" testName="SkiaSharpControlV2.Tests.Managers.FilterManagerTests.AddOrUpdateFilter_WithTimerSort_CallsUpdateTimerSortColor" computerName="DEV-BILALSIDDQU" duration="00:00:00.0556791" startTime="2026-04-14T17:41:46.8125487+05:00" endTime="2026-04-14T17:41:46.8125488+05:00" testType="13cdc9d9-ddb5-4fa4-a97d-d965ccfc6d4b" outcome="Passed" testListId="8c84fa94-04c1-424b-9868-57a2d4851a1d" relativeResultsDirectory="0a7ed63d-469b-48e2-b41e-03a0a0ea87f9" />
    <UnitTestResult executionId="48e0811b-decf-47c8-8289-6eb21af61840" testId="279f5e5a-26f4-f7c5-8434-505739097139" testName="SkiaSharpControlV2.Tests.Helpers.HelperTests.ApplyFormat_NumericValues_FormatsCorrectly(type: typeof(double), value: &quot;123.456&quot;, format: &quot;N2&quot;, showBracket: False, showAcronym: False, expected: &quot;123.46&quot;)" computerName="DEV-BILALSIDDQU" duration="00:00:00.0001070" startTime="2026-04-14T17:41:46.8626067+05:00" endTime="2026-04-14T17:41:46.8626068+05:00" testType="13cdc9d9-ddb5-4fa4-a97d-d965ccfc6d4b" outcome="Passed" testListId="8c84fa94-04c1-424b-9868-57a2d4851a1d" relativeResultsDirectory="48e0811b-decf-47c8-8289-6eb21af61840" />
    <UnitTestResult executionId="3638c538-0d4a-4d93-9a90-3ca485e981dc" testId="050b29ca-943f-44a0-f7ea-835e153fa9b9" testName="SkiaSharpControlV2.Tests.Services.GridExportServiceTests.Export_GroupedItems_HeaderSubTotal_ShowsTotalPrefix" computerName="DEV-BILALSIDDQU" duration="00:00:00.0003368" startTime="2026-04-14T17:41:46.8303716+05:00" endTime="2026-04-14T17:41:46.8303716+05:00" testType="13cdc9d9-ddb5-4fa4-a97d-d965ccfc6d4b" outcome="Passed" testListId="8c84fa94-04c1-424b-9868-57a2d4851a1d" relativeResultsDirectory="3638c538-0d4a-4d93-9a90-3ca485e981dc" />
    <UnitTestResult executionId="f5344372-23e5-4ea1-9dde-908a0d728241" testId="602292d4-0fc5-5303-f305-dfef81f96e35" testName="SkiaSharpControlV2.Tests.Helpers.HelperReadCurrentItemTests.ReadCurrentItemWithTypes_NonExistentProperty_ReturnsNullAndVoid" computerName="DEV-BILALSIDDQU" duration="00:00:00.0001055" startTime="2026-04-14T17:41:46.8142658+05:00" endTime="2026-04-14T17:41:46.8142659+05:00" testType="13cdc9d9-ddb5-4fa4-a97d-d965ccfc6d4b" outcome="Passed" testListId="8c84fa94-04c1-424b-9868-57a2d4851a1d" relativeResultsDirectory="f5344372-23e5-4ea1-9dde-908a0d728241" />
    <UnitTestResult executionId="55fe02b4-4d87-4a48-8fc6-8f95f94d8868" testId="0c818ea1-78c8-858a-aaf6-151e90d1a90a" testName="SkiaSharpControlV2.Tests.Services.GridExportServiceTests.CalculateGroupAggregation_Min_ReturnsMin" computerName="DEV-BILALSIDDQU" duration="00:00:00.0003873" startTime="2026-04-14T17:41:46.8327369+05:00" endTime="2026-04-14T17:41:46.8327369+05:00" testType="13cdc9d9-ddb5-4fa4-a97d-d965ccfc6d4b" outcome="Passed" testListId="8c84fa94-04c1-424b-9868-57a2d4851a1d" relativeResultsDirectory="55fe02b4-4d87-4a48-8fc6-8f95f94d8868" />
    <UnitTestResult executionId="f5b4c9a0-7eb2-4939-9f0a-08e121fa9c51" testId="fd844c2f-9742-41bf-6c10-05a73ccc9cdb" testName="SkiaSharpControlV2.Tests.Diagnostics.GridMetricsTests.Record_ManualRecording_Works" computerName="DEV-BILALSIDDQU" duration="00:00:00.0026018" startTime="2026-04-14T17:41:46.7870640+05:00" endTime="2026-04-14T17:41:46.7870643+05:00" testType="13cdc9d9-ddb5-4fa4-a97d-d965ccfc6d4b" outcome="Passed" testListId="8c84fa94-04c1-424b-9868-57a2d4851a1d" relativeResultsDirectory="f5b4c9a0-7eb2-4939-9f0a-08e121fa9c51" />
    <UnitTestResult executionId="9e397dae-2a2d-455e-81d2-07ec90fcdb42" testId="53fa57a9-55fd-c0c4-53c9-edb0469df6ba" testName="SkiaSharpControlV2.Tests.Helpers.CustomCollectionViewTests.MoveRowUp_FirstItem_ReturnsFalse" computerName="DEV-BILALSIDDQU" duration="00:00:00.0001559" startTime="2026-04-14T17:41:46.8288746+05:00" endTime="2026-04-14T17:41:46.8288747+05:00" testType="13cdc9d9-ddb5-4fa4-a97d-d965ccfc6d4b" outcome="Passed" testListId="8c84fa94-04c1-424b-9868-57a2d4851a1d" relativeResultsDirectory="9e397dae-2a2d-455e-81d2-07ec90fcdb42" />
    <UnitTestResult executionId="72fd824b-e3ea-467d-bcd2-560d2f1e030b" testId="c140f9b6-63e3-9063-d57c-d4fa8b1813c7" testName="SkiaSharpControlV2.Tests.Models.EnumTests.SkStyleProperty_AllValuesExist(value: Background)" computerName="DEV-BILALSIDDQU" duration="00:00:00.0001402" startTime="2026-04-14T17:41:46.7795691+05:00" endTime="2026-04-14T17:41:46.7795691+05:00" testType="13cdc9d9-ddb5-4fa4-a97d-d965ccfc6d4b" outcome="Passed" testListId="8c84fa94-04c1-424b-9868-57a2d4851a1d" relativeResultsDirectory="72fd824b-e3ea-467d-bcd2-560d2f1e030b" />
    <UnitTestResult executionId="cca53bdf-f651-4864-927a-cfd6e3ebb3fa" testId="927ed7ec-dda8-d768-523a-0a8bd887808a" testName="SkiaSharpControlV2.Tests.Helpers.HelperTests.GetColorBrush_NamedColor_ReturnsBrush" computerName="DEV-BILALSIDDQU" duration="00:00:00.0030791" startTime="2026-04-14T17:41:46.8665868+05:00" endTime="2026-04-14T17:41:46.8665869+05:00" testType="13cdc9d9-ddb5-4fa4-a97d-d965ccfc6d4b" outcome="Passed" testListId="8c84fa94-04c1-424b-9868-57a2d4851a1d" relativeResultsDirectory="cca53bdf-f651-4864-927a-cfd6e3ebb3fa" />
    <UnitTestResult executionId="c3736da7-5e5b-4ce8-a5fc-da36abc69771" testId="55dc033d-ccbc-685d-bd03-7b654e4e5317" testName="SkiaSharpControlV2.Tests.Helpers.HelperTests.ApplyFormat_WithAcronym_BillionNumber_ShowsB" computerName="DEV-BILALSIDDQU" duration="00:00:00.0000733" startTime="2026-04-14T17:41:46.8668176+05:00" endTime="2026-04-14T17:41:46.8668177+05:00" testType="13cdc9d9-ddb5-4fa4-a97d-d965ccfc6d4b" outcome="Passed" testListId="8c84fa94-04c1-424b-9868-57a2d4851a1d" relativeResultsDirectory="c3736da7-5e5b-4ce8-a5fc-da36abc69771" />
    <UnitTestResult executionId="4ad699d1-8b36-4014-bb77-14ecffad4801" testId="f4ed86d7-b490-b663-6ea3-272981c580b4" testName="SkiaSharpControlV2.Tests.Helpers.HelperReadCurrentItemTests.ReadCurrentItemWithTypes_DoubleProperty_ReturnsStringValue" computerName="DEV-BILALSIDDQU" duration="00:00:00.0001514" startTime="2026-04-14T17:41:46.8141893+05:00" endTime="2026-04-14T17:41:46.8141893+05:00" testType="13cdc9d9-ddb5-4fa4-a97d-d965ccfc6d4b" outcome="Passed" testListId="8c84fa94-04c1-424b-9868-57a2d4851a1d" relativeResultsDirectory="4ad699d1-8b36-4014-bb77-14ecffad4801" />
    <UnitTestResult executionId="ac7413c6-c082-46cd-81ab-70533c44417c" testId="ab90ddea-2609-2a0d-0ed2-a0a91a21d42e" testName="SkiaSharpControlV2.Tests.Renderer.CompareValuesTests.CompareValues_Numeric(left: 100, right: 100, op: GreaterThanOrEqual, expected: True)" computerName="DEV-BILALSIDDQU" duration="00:00:00.0000053" startTime="2026-04-14T17:41:46.7801469+05:00" endTime="2026-04-14T17:41:46.7801469+05:00" testType="13cdc9d9-ddb5-4fa4-a97d-d965ccfc6d4b" outcome="Passed" testListId="8c84fa94-04c1-424b-9868-57a2d4851a1d" relativeResultsDirectory="ac7413c6-c082-46cd-81ab-70533c44417c" />
    <UnitTestResult executionId="ac33e45a-d470-49cd-98b1-1fb28b48c48c" testId="2df6da01-8054-ff4e-454f-dd7b3ce412fa" testName="SkiaSharpControlV2.Tests.Helpers.SkBindingHelperTests.GetNestedPropertyValue_NestedProperty_ReturnsValue" computerName="DEV-BILALSIDDQU" duration="00:00:00.0001711" startTime="2026-04-14T17:41:46.8162952+05:00" endTime="2026-04-14T17:41:46.8162953+05:00" testType="13cdc9d9-ddb5-4fa4-a97d-d965ccfc6d4b" outcome="Passed" testListId="8c84fa94-04c1-424b-9868-57a2d4851a1d" relativeResultsDirectory="ac33e45a-d470-49cd-98b1-1fb28b48c48c" />
    <UnitTestResult executionId="993a4754-0ce5-4c86-afe4-19478da2135a" testId="9313789a-6a07-7543-2924-86078dc5ae39" testName="SkiaSharpControlV2.Tests.Helpers.CustomCollectionViewTests.Refresh_FiresResetEvent" computerName="DEV-BILALSIDDQU" duration="00:00:00.0021205" startTime="2026-04-14T17:41:46.8348506+05:00" endTime="2026-04-14T17:41:46.8348507+05:00" testType="13cdc9d9-ddb5-4fa4-a97d-d965ccfc6d4b" outcome="Passed" testListId="8c84fa94-04c1-424b-9868-57a2d4851a1d" relativeResultsDirectory="993a4754-0ce5-4c86-afe4-19478da2135a" />
    <UnitTestResult executionId="6e7688c0-d69e-46d8-9d52-c4ebb26218e9" testId="c81475d6-f25e-67df-70b3-cccdd8e1fd14" testName="SkiaSharpControlV2.Tests.Helpers.SkBindingHelperTests.GetNestedPropertyValue_SimpleProperty_ReturnsValue" computerName="DEV-BILALSIDDQU" duration="00:00:00.0003471" startTime="2026-04-14T17:41:46.8152974+05:00" endTime="2026-04-14T17:41:46.8152974+05:00" testType="13cdc9d9-ddb5-4fa4-a97d-d965ccfc6d4b" outcome="Passed" testListId="8c84fa94-04c1-424b-9868-57a2d4851a1d" relativeResultsDirectory="6e7688c0-d69e-46d8-9d52-c4ebb26218e9" />
    <UnitTestResult executionId="06e1552d-dbac-4d78-9eb8-97f4ba695853" testId="158dbfdd-2c43-a307-bf82-2b3a49d2a298" testName="SkiaSharpControlV2.Tests.Models.SKBaseColumnTests.DefaultValues_AreCorrect" computerName="DEV-BILALSIDDQU" duration="00:00:00.0027578" startTime="2026-04-14T17:41:46.8142446+05:00" endTime="2026-04-14T17:41:46.8142446+05:00" testType="13cdc9d9-ddb5-4fa4-a97d-d965ccfc6d4b" outcome="Passed" testListId="8c84fa94-04c1-424b-9868-57a2d4851a1d" relativeResultsDirectory="06e1552d-dbac-4d78-9eb8-97f4ba695853" />
    <UnitTestResult executionId="2d524980-e69d-4782-8c92-958ccf104acf" testId="eb88f5b4-f267-1839-15b5-6e6160a07fb5" testName="SkiaSharpControlV2.Tests.Managers.SortingManagerTests.HandleSortEveryChanged_ZeroValue_StopsTimer" computerName="DEV-BILALSIDDQU" duration="00:00:00.0001080" startTime="2026-04-14T17:41:46.8170037+05:00" endTime="2026-04-14T17:41:46.8170038+05:00" testType="13cdc9d9-ddb5-4fa4-a97d-d965ccfc6d4b" outcome="Passed" testListId="8c84fa94-04c1-424b-9868-57a2d4851a1d" relativeResultsDirectory="2d524980-e69d-4782-8c92-958ccf104acf" />
    <UnitTestResult executionId="9e85cf02-1096-474c-89bd-aa7e71daaf50" testId="f6a1210b-7fa1-3585-3e27-2294ea2e986c" testName="SkiaSharpControlV2.Tests.Renderer.CompareValuesTests.CompareValues_Bool(left: &quot;True&quot;, right: &quot;False&quot;, op: NotEquals, expected: True)" computerName="DEV-BILALSIDDQU" duration="00:00:00.0000625" startTime="2026-04-14T17:41:46.7813573+05:00" endTime="2026-04-14T17:41:46.7813573+05:00" testType="13cdc9d9-ddb5-4fa4-a97d-d965ccfc6d4b" outcome="Passed" testListId="8c84fa94-04c1-424b-9868-57a2d4851a1d" relativeResultsDirectory="9e85cf02-1096-474c-89bd-aa7e71daaf50" />
    <UnitTestResult executionId="d93de518-dbc4-42ca-a7df-40c58d7d4602" testId="3b1c9afc-4b3e-45b8-b255-9529a784c192" testName="SkiaSharpControlV2.Tests.Services.GridExportServiceTests.Export_NullItems_ReturnsEmpty" computerName="DEV-BILALSIDDQU" duration="00:00:00.0002088" startTime="2026-04-14T17:41:46.8318059+05:00" endTime="2026-04-14T17:41:46.8318059+05:00" testType="13cdc9d9-ddb5-4fa4-a97d-d965ccfc6d4b" outcome="Passed" testListId="8c84fa94-04c1-424b-9868-57a2d4851a1d" relativeResultsDirectory="d93de518-dbc4-42ca-a7df-40c58d7d4602" />
    <UnitTestResult executionId="476ec145-8a05-4553-8e50-2b0f1e4b1090" testId="20910c91-b70e-6f5f-ae63-496940613844" testName="SkiaSharpControlV2.Tests.Models.SkButtonTests.AllPropertiesCanBeSet" computerName="DEV-BILALSIDDQU" duration="00:00:00.0027657" startTime="2026-04-14T17:41:46.8148008+05:00" endTime="2026-04-14T17:41:46.8148008+05:00" testType="13cdc9d9-ddb5-4fa4-a97d-d965ccfc6d4b" outcome="Passed" testListId="8c84fa94-04c1-424b-9868-57a2d4851a1d" relativeResultsDirectory="476ec145-8a05-4553-8e50-2b0f1e4b1090" />
    <UnitTestResult executionId="6848f61c-f8ea-4410-ac33-60832c5fb758" testId="ad6179e7-8d5a-af0c-1b51-5d64776174bf" testName="SkiaSharpControlV2.Tests.Models.SKSetterTests.ValuePath_DefaultNull" computerName="DEV-BILALSIDDQU" duration="00:00:00.0000710" startTime="2026-04-14T17:41:46.8105797+05:00" endTime="2026-04-14T17:41:46.8105797+05:00" testType="13cdc9d9-ddb5-4fa4-a97d-d965ccfc6d4b" outcome="Passed" testListId="8c84fa94-04c1-424b-9868-57a2d4851a1d" relativeResultsDirectory="6848f61c-f8ea-4410-ac33-60832c5fb758" />
    <UnitTestResult executionId="8ace0ccd-17aa-42be-9083-bb98f78f4892" testId="010799b9-db53-513e-490e-2c4453db53f8" testName="SkiaSharpControlV2.Tests.Renderer.CompareValuesTests.CompareValues_Numeric(left: 100, right: 100, op: LessThanOrEqual, expected: True)" computerName="DEV-BILALSIDDQU" duration="00:00:00.0000110" startTime="2026-04-14T17:41:46.7801303+05:00" endTime="2026-04-14T17:41:46.7801304+05:00" testType="13cdc9d9-ddb5-4fa4-a97d-d965ccfc6d4b" outcome="Passed" testListId="8c84fa94-04c1-424b-9868-57a2d4851a1d" relativeResultsDirectory="8ace0ccd-17aa-42be-9083-bb98f78f4892" />
    <UnitTestResult executionId="e59b04df-3a22-42ac-bfb5-acc24b8f137e" testId="0ce2c005-8de3-6833-0c50-11ca6109ea38" testName="SkiaSharpControlV2.Tests.Renderer.SetterResolverAggregationTests.Avg" computerName="DEV-BILALSIDDQU" duration="00:00:00.0004935" startTime="2026-04-14T17:41:46.8289711+05:00" endTime="2026-04-14T17:41:46.8289712+05:00" testType="13cdc9d9-ddb5-4fa4-a97d-d965ccfc6d4b" outcome="Passed" testListId="8c84fa94-04c1-424b-9868-57a2d4851a1d" relativeResultsDirectory="e59b04df-3a22-42ac-bfb5-acc24b8f137e" />
    <UnitTestResult executionId="f8a2b2c5-e6fd-46d7-aad5-0a096a88cbd8" testId="fee0d56e-5563-9c7a-423c-63de2d224481" testName="SkiaSharpControlV2.Tests.Diagnostics.GridMetricsTests.Measure_WhenDisabled_ReturnsNoOp" computerName="DEV-BILALSIDDQU" duration="00:00:00.0188463" startTime="2026-04-14T17:41:46.7841610+05:00" endTime="2026-04-14T17:41:46.7841613+05:00" testType="13cdc9d9-ddb5-4fa4-a97d-d965ccfc6d4b" outcome="Passed" testListId="8c84fa94-04c1-424b-9868-57a2d4851a1d" relativeResultsDirectory="f8a2b2c5-e6fd-46d7-aad5-0a096a88cbd8" />
    <UnitTestResult executionId="496de12b-32b9-4caf-963d-549661c9f0ec" testId="4aec20c7-aff6-0a78-0bea-207261165197" testName="SkiaSharpControlV2.Tests.Services.GridExportServiceTests.CalculateGroupAggregation_Sum_ReturnsCorrectValue" computerName="DEV-BILALSIDDQU" duration="00:00:00.0002888" startTime="2026-04-14T17:41:46.8330594+05:00" endTime="2026-04-14T17:41:46.8330595+05:00" testType="13cdc9d9-ddb5-4fa4-a97d-d965ccfc6d4b" outcome="Passed" testListId="8c84fa94-04c1-424b-9868-57a2d4851a1d" relativeResultsDirectory="496de12b-32b9-4caf-963d-549661c9f0ec" />
    <UnitTestResult executionId="a213882d-0fd1-4765-8e3a-957f9d255785" testId="f3e689f8-9584-fc55-22c6-f56a255d3779" testName="SkiaSharpControlV2.Tests.Services.GridExportServiceTests.CalculateGroupAggregation_Distinct_JoinsUnique" computerName="DEV-BILALSIDDQU" duration="00:00:00.0003604" startTime="2026-04-14T17:41:46.8343078+05:00" endTime="2026-04-14T17:41:46.8343079+05:00" testType="13cdc9d9-ddb5-4fa4-a97d-d965ccfc6d4b" outcome="Passed" testListId="8c84fa94-04c1-424b-9868-57a2d4851a1d" relativeResultsDirectory="a213882d-0fd1-4765-8e3a-957f9d255785" />
    <UnitTestResult executionId="ca4246d5-2fba-49ac-942f-1df249c4fa97" testId="04f11d68-0810-d7d9-1f90-77fbacc5b96e" testName="SkiaSharpControlV2.Tests.Models.SKConditionTests.RequiredProperties_CanBeSet" computerName="DEV-BILALSIDDQU" duration="00:00:00.0024608" startTime="2026-04-14T17:41:46.8106459+05:00" endTime="2026-04-14T17:41:46.8106460+05:00" testType="13cdc9d9-ddb5-4fa4-a97d-d965ccfc6d4b" outcome="Passed" testListId="8c84fa94-04c1-424b-9868-57a2d4851a1d" relativeResultsDirectory="ca4246d5-2fba-49ac-942f-1df249c4fa97" />
    <UnitTestResult executionId="e32064c6-3051-4d52-ac17-eb4a8a56ae84" testId="14f3cfcc-3ec5-4415-db9c-0c4742c9e319" testName="SkiaSharpControlV2.Tests.Diagnostics.GridLoggerTests.LogError_WithoutException_DoesNotThrow" computerName="DEV-BILALSIDDQU" duration="00:00:00.0000666" startTime="2026-04-14T17:41:46.7688131+05:00" endTime="2026-04-14T17:41:46.7688131+05:00" testType="13cdc9d9-ddb5-4fa4-a97d-d965ccfc6d4b" outcome="Passed" testListId="8c84fa94-04c1-424b-9868-57a2d4851a1d" relativeResultsDirectory="e32064c6-3051-4d52-ac17-eb4a8a56ae84" />
    <UnitTestResult executionId="799f3072-fd67-4ee5-a573-b7fd08e3f635" testId="30c22187-4350-8cdb-5cec-d80e7b41dd73" testName="SkiaSharpControlV2.Tests.Managers.SortingManagerTests.SubscribeUnsubscribeTimer_DoesNotThrow" computerName="DEV-BILALSIDDQU" duration="00:00:00.0002020" startTime="2026-04-14T17:41:46.8293965+05:00" endTime="2026-04-14T17:41:46.8293966+05:00" testType="13cdc9d9-ddb5-4fa4-a97d-d965ccfc6d4b" outcome="Passed" testListId="8c84fa94-04c1-424b-9868-57a2d4851a1d" relativeResultsDirectory="799f3072-fd67-4ee5-a573-b7fd08e3f635" />
    <UnitTestResult executionId="50c16372-bc37-46d8-8e22-a8e83fc19cb7" testId="8f7f29b2-f357-14c4-e22e-6f5aa0706fa7" testName="SkiaSharpControlV2.Tests.Diagnostics.GridLoggerTests.LogWarning_DoesNotThrow" computerName="DEV-BILALSIDDQU" duration="00:00:00.0001131" startTime="2026-04-14T17:41:46.7686302+05:00" endTime="2026-04-14T17:41:46.7686303+05:00" testType="13cdc9d9-ddb5-4fa4-a97d-d965ccfc6d4b" outcome="Passed" testListId="8c84fa94-04c1-424b-9868-57a2d4851a1d" relativeResultsDirectory="50c16372-bc37-46d8-8e22-a8e83fc19cb7" />
    <UnitTestResult executionId="cb11712b-353f-4319-9710-e57b8387c808" testId="d745b530-a305-2097-41c1-50c62d201880" testName="SkiaSharpControlV2.Tests.Helpers.CustomCollectionViewTests.MoveRowDown_MovesItem" computerName="DEV-BILALSIDDQU" duration="00:00:00.0001592" startTime="2026-04-14T17:41:46.8303404+05:00" endTime="2026-04-14T17:41:46.8303405+05:00" testType="13cdc9d9-ddb5-4fa4-a97d-d965ccfc6d4b" outcome="Passed" testListId="8c84fa94-04c1-424b-9868-57a2d4851a1d" relativeResultsDirectory="cb11712b-353f-4319-9710-e57b8387c808" />
    <UnitTestResult executionId="387cdbe2-f9e4-4c0b-b895-bf8128d16fc5" testId="8fc710a8-7c7c-21d8-c912-ead4ff5f6b9b" testName="SkiaSharpControlV2.Tests.Managers.FilterManagerTests.RemoveFilter_RestoresAllItems" computerName="DEV-BILALSIDDQU" duration="00:00:00.0010588" startTime="2026-04-14T17:41:46.8147749+05:00" endTime="2026-04-14T17:41:46.8147750+05:00" testType="13cdc9d9-ddb5-4fa4-a97d-d965ccfc6d4b" outcome="Passed" testListId="8c84fa94-04c1-424b-9868-57a2d4851a1d" relativeResultsDirectory="387cdbe2-f9e4-4c0b-b895-bf8128d16fc5" />
    <UnitTestResult executionId="16792f52-cfbb-43e6-b25d-7f9e4d4f4e01" testId="f83bf161-52c9-fff5-fe62-4ef5f7730962" testName="SkiaSharpControlV2.Tests.Renderer.CompareValuesTests.CompareValues_String(left: &quot;a&quot;, right: &quot;b&quot;, op: LessThan, expected: True)" computerName="DEV-BILALSIDDQU" duration="00:00:00.0000009" startTime="2026-04-14T17:41:46.7813346+05:00" endTime="2026-04-14T17:41:46.7813347+05:00" testType="13cdc9d9-ddb5-4fa4-a97d-d965ccfc6d4b" outcome="Passed" testListId="8c84fa94-04c1-424b-9868-57a2d4851a1d" relativeResultsDirectory="16792f52-cfbb-43e6-b25d-7f9e4d4f4e01" />
    <UnitTestResult executionId="52dea04b-0911-4ec5-91e9-34ec294bc057" testId="ac526469-1182-b3cb-634c-94a6a411b50e" testName="SkiaSharpControlV2.Tests.Helpers.HelperTests.IsFontInstalled_NonExistentFont_ReturnsFalse" computerName="DEV-BILALSIDDQU" duration="00:00:00.0507736" startTime="2026-04-14T17:41:46.8609203+05:00" endTime="2026-04-14T17:41:46.8609208+05:00" testType="13cdc9d9-ddb5-4fa4-a97d-d965ccfc6d4b" outcome="Passed" testListId="8c84fa94-04c1-424b-9868-57a2d4851a1d" relativeResultsDirectory="52dea04b-0911-4ec5-91e9-34ec294bc057" />
    <UnitTestResult executionId="4efe9b3d-f20f-4fda-8ce8-cf1536a50c2f" testId="75ecbdee-200b-3b63-2cf0-5ba60e1efeb8" testName="SkiaSharpControlV2.Tests.Renderer.CompareValuesTests.CompareValues_Bool(left: &quot;True&quot;, right: &quot;True&quot;, op: Equals, expected: True)" computerName="DEV-BILALSIDDQU" duration="00:00:00.0001646" startTime="2026-04-14T17:41:46.7813751+05:00" endTime="2026-04-14T17:41:46.7813751+05:00" testType="13cdc9d9-ddb5-4fa4-a97d-d965ccfc6d4b" outcome="Passed" testListId="8c84fa94-04c1-424b-9868-57a2d4851a1d" relativeResultsDirectory="4efe9b3d-f20f-4fda-8ce8-cf1536a50c2f" />
    <UnitTestResult executionId="59059784-907c-41e5-a235-9b225c7eb5d1" testId="2c318d9d-7a73-4ec7-970f-8d829347154f" testName="SkiaSharpControlV2.Tests.Models.SKGroupFieldTests.GroupCellTemplate_DefaultNull" computerName="DEV-BILALSIDDQU" duration="00:00:00.0259845" startTime="2026-04-14T17:41:46.8076799+05:00" endTime="2026-04-14T17:41:46.8076801+05:00" testType="13cdc9d9-ddb5-4fa4-a97d-d965ccfc6d4b" outcome="Passed" testListId="8c84fa94-04c1-424b-9868-57a2d4851a1d" relativeResultsDirectory="59059784-907c-41e5-a235-9b225c7eb5d1" />
    <UnitTestResult executionId="9a0d4171-ced7-46a3-a374-67831271a8cf" testId="57051f32-805f-64fc-d639-f64fc3db29ea" testName="SkiaSharpControlV2.Tests.Models.TriggerEvaluationTests.SKMultiTrigger_WithBinding_UsesBindingValue" computerName="DEV-BILALSIDDQU" duration="00:00:00.0001390" startTime="2026-04-14T17:41:46.8199815+05:00" endTime="2026-04-14T17:41:46.8199816+05:00" testType="13cdc9d9-ddb5-4fa4-a97d-d965ccfc6d4b" outcome="Passed" testListId="8c84fa94-04c1-424b-9868-57a2d4851a1d" relativeResultsDirectory="9a0d4171-ced7-46a3-a374-67831271a8cf" />
    <UnitTestResult executionId="0af6fcd5-8b5d-4f42-b898-ae524c9c45c9" testId="b6717bfa-7f4e-cbe6-7934-fa814a34ec4e" testName="SkiaSharpControlV2.Tests.Models.GroupModelTests.DefaultValues_AreCorrect" computerName="DEV-BILALSIDDQU" duration="00:00:00.0000903" startTime="2026-04-14T17:41:46.7789914+05:00" endTime="2026-04-14T17:41:46.7789914+05:00" testType="13cdc9d9-ddb5-4fa4-a97d-d965ccfc6d4b" outcome="Passed" testListId="8c84fa94-04c1-424b-9868-57a2d4851a1d" relativeResultsDirectory="0af6fcd5-8b5d-4f42-b898-ae524c9c45c9" />
    <UnitTestResult executionId="28110ff5-d683-439d-bf41-51da2bba649a" testId="247bd536-de04-d4b0-83a8-f316928cb643" testName="SkiaSharpControlV2.Tests.Helpers.CustomCollectionViewTests.AddSort_SortsAscending" computerName="DEV-BILALSIDDQU" duration="00:00:00.0004681" startTime="2026-04-14T17:41:46.8258794+05:00" endTime="2026-04-14T17:41:46.8258796+05:00" testType="13cdc9d9-ddb5-4fa4-a97d-d965ccfc6d4b" outcome="Passed" testListId="8c84fa94-04c1-424b-9868-57a2d4851a1d" relativeResultsDirectory="28110ff5-d683-439d-bf41-51da2bba649a" />
    <UnitTestResult executionId="9308149f-760d-4a46-9aeb-8cdfc1b49cf9" testId="2e8a326e-3ebc-6ac0-b59a-16f27f7d4e70" testName="SkiaSharpControlV2.Tests.Models.SKGridViewColumnTests.IsVisible_Set_FiresTriggerChanged" computerName="DEV-BILALSIDDQU" duration="00:00:00.0004713" startTime="2026-04-14T17:41:46.8089444+05:00" endTime="2026-04-14T17:41:46.8089444+05:00" testType="13cdc9d9-ddb5-4fa4-a97d-d965ccfc6d4b" outcome="Passed" testListId="8c84fa94-04c1-424b-9868-57a2d4851a1d" relativeResultsDirectory="9308149f-760d-4a46-9aeb-8cdfc1b49cf9" />
    <UnitTestResult executionId="5e343541-40ab-477e-9352-70486ce532dd" testId="fb5c7143-aad4-1663-1516-1477d2cf8c10" testName="SkiaSharpControlV2.Tests.Models.SKGroupDefinitionTests.AllPropertiesCanBeSet" computerName="DEV-BILALSIDDQU" duration="00:00:00.0003062" startTime="2026-04-14T17:41:46.8129846+05:00" endTime="2026-04-14T17:41:46.8129847+05:00" testType="13cdc9d9-ddb5-4fa4-a97d-d965ccfc6d4b" outcome="Passed" testListId="8c84fa94-04c1-424b-9868-57a2d4851a1d" relativeResultsDirectory="5e343541-40ab-477e-9352-70486ce532dd" />
    <UnitTestResult executionId="0a348d8f-e72b-43ac-8f29-7c1a80c59bed" testId="092f6590-3fed-fae6-3963-f3b45b5bc298" testName="SkiaSharpControlV2.Tests.Models.SkButtonTests.DefaultValues_AreCorrect" computerName="DEV-BILALSIDDQU" duration="00:00:00.0002565" startTime="2026-04-14T17:41:46.8152034+05:00" endTime="2026-04-14T17:41:46.8152035+05:00" testType="13cdc9d9-ddb5-4fa4-a97d-d965ccfc6d4b" outcome="Passed" testListId="8c84fa94-04c1-424b-9868-57a2d4851a1d" relativeResultsDirectory="0a348d8f-e72b-43ac-8f29-7c1a80c59bed" />
    <UnitTestResult executionId="192e9edf-95d3-41c9-9bbc-f69fbcbada08" testId="a5754873-e13f-18af-176d-a4201cdfd74a" testName="SkiaSharpControlV2.Tests.Helpers.SkBindingHelperTests.GetNestedPropertyValue_NonExistentProperty_ReturnsNull" computerName="DEV-BILALSIDDQU" duration="00:00:00.0000609" startTime="2026-04-14T17:41:46.8163569+05:00" endTime="2026-04-14T17:41:46.8163570+05:00" testType="13cdc9d9-ddb5-4fa4-a97d-d965ccfc6d4b" outcome="Passed" testListId="8c84fa94-04c1-424b-9868-57a2d4851a1d" relativeResultsDirectory="192e9edf-95d3-41c9-9bbc-f69fbcbada08" />
    <UnitTestResult executionId="5b06ca6f-2820-492b-a7cc-cccf6aab90b9" testId="07ee8a46-8183-31bf-7e0d-b0da02c0282a" testName="SkiaSharpControlV2.Tests.Managers.SortingManagerTests.Dispose_DoesNotThrow" computerName="DEV-BILALSIDDQU" duration="00:00:00.0000720" startTime="2026-04-14T17:41:46.8294474+05:00" endTime="2026-04-14T17:41:46.8294474+05:00" testType="13cdc9d9-ddb5-4fa4-a97d-d965ccfc6d4b" outcome="Passed" testListId="8c84fa94-04c1-424b-9868-57a2d4851a1d" relativeResultsDirectory="5b06ca6f-2820-492b-a7cc-cccf6aab90b9" />
    <UnitTestResult executionId="6a439b6b-9ce0-4249-9c0d-3e56765f3b7a" testId="a0b69a98-abad-90ca-45ed-e8ba00f454ac" testName="SkiaSharpControlV2.Tests.Services.GridExportServiceTests.CalculateGroupAggregation_Max_ReturnsMax" computerName="DEV-BILALSIDDQU" duration="00:00:00.0151550" startTime="2026-04-14T17:41:46.7812458+05:00" endTime="2026-04-14T17:41:46.7812458+05:00" testType="13cdc9d9-ddb5-4fa4-a97d-d965ccfc6d4b" outcome="Passed" testListId="8c84fa94-04c1-424b-9868-57a2d4851a1d" relativeResultsDirectory="6a439b6b-9ce0-4249-9c0d-3e56765f3b7a" />
    <UnitTestResult executionId="6f569484-6abb-441f-88e9-39c1adaedd8c" testId="05c96c89-2318-15f9-6205-7e23adc5bcce" testName="SkiaSharpControlV2.Tests.Renderer.SetterResolverAggregationTests.Min" computerName="DEV-BILALSIDDQU" duration="00:00:00.0017112" startTime="2026-04-14T17:41:46.8198898+05:00" endTime="2026-04-14T17:41:46.8198899+05:00" testType="13cdc9d9-ddb5-4fa4-a97d-d965ccfc6d4b" outcome="Passed" testListId="8c84fa94-04c1-424b-9868-57a2d4851a1d" relativeResultsDirectory="6f569484-6abb-441f-88e9-39c1adaedd8c" />
    <UnitTestResult executionId="057c2f36-4e19-455a-89cf-aa79aa0bde40" testId="89bfebf4-3b97-3d57-e00e-92d1e8e7568f" testName="SkiaSharpControlV2.Tests.Helpers.SkFontFactoryTests.CreateSkFont_Italic_ReturnsFont" computerName="DEV-BILALSIDDQU" duration="00:00:00.0002665" startTime="2026-04-14T17:41:46.8392020+05:00" endTime="2026-04-14T17:41:46.8392020+05:00" testType="13cdc9d9-ddb5-4fa4-a97d-d965ccfc6d4b" outcome="Passed" testListId="8c84fa94-04c1-424b-9868-57a2d4851a1d" relativeResultsDirectory="057c2f36-4e19-455a-89cf-aa79aa0bde40" />
    <UnitTestResult executionId="411ae926-ae98-4c09-b195-91b6da21dd44" testId="d71addd8-5909-907f-113d-56327ae236ae" testName="SkiaSharpControlV2.Tests.Models.SKGridViewColumnTests.DefaultValues_AreCorrect" computerName="DEV-BILALSIDDQU" duration="00:00:00.0002706" startTime="2026-04-14T17:41:46.8200011+05:00" endTime="2026-04-14T17:41:46.8200011+05:00" testType="13cdc9d9-ddb5-4fa4-a97d-d965ccfc6d4b" outcome="Passed" testListId="8c84fa94-04c1-424b-9868-57a2d4851a1d" relativeResultsDirectory="411ae926-ae98-4c09-b195-91b6da21dd44" />
    <UnitTestResult executionId="e43b21d7-37b4-47b1-87c9-da51480fee42" testId="c8af6613-601f-6f27-9040-98a97e4f5bb3" testName="SkiaSharpControlV2.Tests.Models.SKCellTemplateTests.DrawButton_CanBeSet" computerName="DEV-BILALSIDDQU" duration="00:00:00.0003680" startTime="2026-04-14T17:41:46.8131357+05:00" endTime="2026-04-14T17:41:46.8131358+05:00" testType="13cdc9d9-ddb5-4fa4-a97d-d965ccfc6d4b" outcome="Passed" testListId="8c84fa94-04c1-424b-9868-57a2d4851a1d" relativeResultsDirectory="e43b21d7-37b4-47b1-87c9-da51480fee42" />
    <UnitTestResult executionId="1094811e-eecc-4cd7-b6e9-93e49f445888" testId="959311da-8b61-b880-06d8-f06c5dbac6b6" testName="SkiaSharpControlV2.Tests.Models.FilterTests.ValueTuple_CanBeSet" computerName="DEV-BILALSIDDQU" duration="00:00:00.0003977" startTime="2026-04-14T17:41:46.8156515+05:00" endTime="2026-04-14T17:41:46.8156516+05:00" testType="13cdc9d9-ddb5-4fa4-a97d-d965ccfc6d4b" outcome="Passed" testListId="8c84fa94-04c1-424b-9868-57a2d4851a1d" relativeResultsDirectory="1094811e-eecc-4cd7-b6e9-93e49f445888" />
    <UnitTestResult executionId="f48b9531-3187-4725-9e47-04d501908d5f" testId="310bf7c7-05e2-2968-9eb4-2a0c1adab521" testName="SkiaSharpControlV2.Tests.Models.TriggerEvaluationTests.EvaluateCondition_InvalidConversion_ReturnsFalse" computerName="DEV-BILALSIDDQU" duration="00:00:00.0007890" startTime="2026-04-14T17:41:46.8141631+05:00" endTime="2026-04-14T17:41:46.8141631+05:00" testType="13cdc9d9-ddb5-4fa4-a97d-d965ccfc6d4b" outcome="Passed" testListId="8c84fa94-04c1-424b-9868-57a2d4851a1d" relativeResultsDirectory="f48b9531-3187-4725-9e47-04d501908d5f" />
    <UnitTestResult executionId="b567d0ce-8122-4640-9667-537963818d83" testId="5906a5f4-5b6d-a466-c0f5-1408e85f817c" testName="SkiaSharpControlV2.Tests.Helpers.CustomCollectionViewTests.Constructor_CopiesAllItems" computerName="DEV-BILALSIDDQU" duration="00:00:00.0001614" startTime="2026-04-14T17:41:46.8271170+05:00" endTime="2026-04-14T17:41:46.8271171+05:00" testType="13cdc9d9-ddb5-4fa4-a97d-d965ccfc6d4b" outcome="Passed" testListId="8c84fa94-04c1-424b-9868-57a2d4851a1d" relativeResultsDirectory="b567d0ce-8122-4640-9667-537963818d83" />
    <UnitTestResult executionId="3b0aa01a-3f36-48a0-80cb-b1a4579586e2" testId="28901902-0387-acc2-797f-b03c1b1add1c" testName="SkiaSharpControlV2.Tests.Renderer.CompareValuesTests.CompareValues_Numeric(left: 100, right: 100, op: Equals, expected: True)" computerName="DEV-BILALSIDDQU" duration="00:00:00.0000045" startTime="2026-04-14T17:41:46.7801867+05:00" endTime="2026-04-14T17:41:46.7801868+05:00" testType="13cdc9d9-ddb5-4fa4-a97d-d965ccfc6d4b" outcome="Passed" testListId="8c84fa94-04c1-424b-9868-57a2d4851a1d" relativeResultsDirectory="3b0aa01a-3f36-48a0-80cb-b1a4579586e2" />
    <UnitTestResult executionId="823a0950-ec5e-44f5-8844-1a0bdafcf0c8" testId="1eff504d-3896-af89-f679-8ff3e0a8c31c" testName="SkiaSharpControlV2.Tests.Models.SKGroupToggleSymbolTests.DefaultValues_AreNull" computerName="DEV-BILALSIDDQU" duration="00:00:00.0516997" startTime="2026-04-14T17:41:46.8077134+05:00" endTime="2026-04-14T17:41:46.8077135+05:00" testType="13cdc9d9-ddb5-4fa4-a97d-d965ccfc6d4b" outcome="Passed" testListId="8c84fa94-04c1-424b-9868-57a2d4851a1d" relativeResultsDirectory="823a0950-ec5e-44f5-8844-1a0bdafcf0c8" />
    <UnitTestResult executionId="0cbdceaf-00d2-41f3-a26e-d5b2c5cdec61" testId="acee7578-b1bc-bcdc-dacc-9757781f25d2" testName="SkiaSharpControlV2.Tests.Helpers.CustomCollectionViewTests.DeleteEmptyRow_RemovesItem" computerName="DEV-BILALSIDDQU" duration="00:00:00.0002026" startTime="2026-04-14T17:41:46.8307322+05:00" endTime="2026-04-14T17:41:46.8307323+05:00" testType="13cdc9d9-ddb5-4fa4-a97d-d965ccfc6d4b" outcome="Passed" testListId="8c84fa94-04c1-424b-9868-57a2d4851a1d" relativeResultsDirectory="0cbdceaf-00d2-41f3-a26e-d5b2c5cdec61" />
    <UnitTestResult executionId="41bf5397-beef-4920-882a-bcfd1400f940" testId="5e35a1a2-d7d6-4805-3205-695880e13b4f" testName="SkiaSharpControlV2.Tests.Helpers.CustomCollectionViewTests.GroupAggregation_Sum_CalculatesCorrectly" computerName="DEV-BILALSIDDQU" duration="00:00:00.0079344" startTime="2026-04-14T17:41:46.8456624+05:00" endTime="2026-04-14T17:41:46.8456632+05:00" testType="13cdc9d9-ddb5-4fa4-a97d-d965ccfc6d4b" outcome="Passed" testListId="8c84fa94-04c1-424b-9868-57a2d4851a1d" relativeResultsDirectory="41bf5397-beef-4920-882a-bcfd1400f940" />
    <UnitTestResult executionId="09d27e79-9bf5-4a25-b221-c9d8309cfcc7" testId="13699aee-d2eb-51b8-ed11-021f1becf23d" testName="SkiaSharpControlV2.Tests.Models.SKGridViewColumnTests.AllPropertiesCanBeSet" computerName="DEV-BILALSIDDQU" duration="00:00:00.0095153" startTime="2026-04-14T17:41:46.8186635+05:00" endTime="2026-04-14T17:41:46.8186636+05:00" testType="13cdc9d9-ddb5-4fa4-a97d-d965ccfc6d4b" outcome="Passed" testListId="8c84fa94-04c1-424b-9868-57a2d4851a1d" relativeResultsDirectory="09d27e79-9bf5-4a25-b221-c9d8309cfcc7" />
    <UnitTestResult executionId="223035c7-be28-47f9-89ba-79604f4dce09" testId="a5048324-df0c-c070-7660-0349fe7560cd" testName="SkiaSharpControlV2.Tests.Renderer.CompareValuesTests.CompareValues_Numeric(left: 100, right: 50, op: GreaterThan, expected: True)" computerName="DEV-BILALSIDDQU" duration="00:00:00.0039430" startTime="2026-04-14T17:41:46.7799297+05:00" endTime="2026-04-14T17:41:46.7799297+05:00" testType="13cdc9d9-ddb5-4fa4-a97d-d965ccfc6d4b" outcome="Passed" testListId="8c84fa94-04c1-424b-9868-57a2d4851a1d" relativeResultsDirectory="223035c7-be28-47f9-89ba-79604f4dce09" />
    <UnitTestResult executionId="0797b96b-2785-49cd-9fe3-2f26b7f81d00" testId="1300cb53-5c35-eaf6-289f-994c7809ead2" testName="SkiaSharpControlV2.Tests.Models.SKCellTemplateTests.Triggers_CanBePopulated" computerName="DEV-BILALSIDDQU" duration="00:00:00.0016325" startTime="2026-04-14T17:41:46.8117964+05:00" endTime="2026-04-14T17:41:46.8117965+05:00" testType="13cdc9d9-ddb5-4fa4-a97d-d965ccfc6d4b" outcome="Passed" testListId="8c84fa94-04c1-424b-9868-57a2d4851a1d" relativeResultsDirectory="0797b96b-2785-49cd-9fe3-2f26b7f81d00" />
    <UnitTestResult executionId="cad3d722-c763-458e-a4a4-daa8142f08b2" testId="bc6c38b4-43f8-01ed-d59d-5e265babc2fe" testName="SkiaSharpControlV2.Tests.Helpers.SkFontFactoryTests.CreateSkFont_Bold_ReturnsFont" computerName="DEV-BILALSIDDQU" duration="00:00:00.0000898" startTime="2026-04-14T17:41:46.8392208+05:00" endTime="2026-04-14T17:41:46.8392208+05:00" testType="13cdc9d9-ddb5-4fa4-a97d-d965ccfc6d4b" outcome="Passed" testListId="8c84fa94-04c1-424b-9868-57a2d4851a1d" relativeResultsDirectory="cad3d722-c763-458e-a4a4-daa8142f08b2" />
    <UnitTestResult executionId="71ad8302-3e6d-414d-bdb9-f2c9a86e45c9" testId="43ca485d-1428-17a4-d85e-65c165ddf37e" testName="SkiaSharpControlV2.Tests.Renderer.SetterResolverAggregationTests.Distinct" computerName="DEV-BILALSIDDQU" duration="00:00:00.0006645" startTime="2026-04-14T17:41:46.8200375+05:00" endTime="2026-04-14T17:41:46.8200375+05:00" testType="13cdc9d9-ddb5-4fa4-a97d-d965ccfc6d4b" outcome="Passed" testListId="8c84fa94-04c1-424b-9868-57a2d4851a1d" relativeResultsDirectory="71ad8302-3e6d-414d-bdb9-f2c9a86e45c9" />
    <UnitTestResult executionId="2b76f9bd-0889-4f16-b63c-45ef75aefcb4" testId="ec8d2a64-1776-8b66-70d6-35a3c21e14a8" testName="SkiaSharpControlV2.Tests.Renderer.SetterResolverAggregationTests.Max" computerName="DEV-BILALSIDDQU" duration="00:00:00.0022463" startTime="2026-04-14T17:41:46.8173618+05:00" endTime="2026-04-14T17:41:46.8173618+05:00" testType="13cdc9d9-ddb5-4fa4-a97d-d965ccfc6d4b" outcome="Passed" testListId="8c84fa94-04c1-424b-9868-57a2d4851a1d" relativeResultsDirectory="2b76f9bd-0889-4f16-b63c-45ef75aefcb4" />
    <UnitTestResult executionId="dfeb27bb-e4b2-477f-9059-ac206bd4740c" testId="2a878e2c-0d28-e8ab-ae46-aaa556122992" testName="SkiaSharpControlV2.Tests.Models.SkGridColumnCollectionTests.IsListOfSKGridViewColumn" computerName="DEV-BILALSIDDQU" duration="00:00:00.0392445" startTime="2026-04-14T17:41:46.8105089+05:00" endTime="2026-04-14T17:41:46.8105090+05:00" testType="13cdc9d9-ddb5-4fa4-a97d-d965ccfc6d4b" outcome="Passed" testListId="8c84fa94-04c1-424b-9868-57a2d4851a1d" relativeResultsDirectory="dfeb27bb-e4b2-477f-9059-ac206bd4740c" />
    <UnitTestResult executionId="f8612ad0-63a0-4247-a33c-5dc121081c43" testId="b9491d1e-2611-37b4-abf3-cfa46ed504fa" testName="SkiaSharpControlV2.Tests.Models.EnumTests.SkAggregation_AllValuesExist(value: Min)" computerName="DEV-BILALSIDDQU" duration="00:00:00.0001107" startTime="2026-04-14T17:41:46.7794352+05:00" endTime="2026-04-14T17:41:46.7794352+05:00" testType="13cdc9d9-ddb5-4fa4-a97d-d965ccfc6d4b" outcome="Passed" testListId="8c84fa94-04c1-424b-9868-57a2d4851a1d" relativeResultsDirectory="f8612ad0-63a0-4247-a33c-5dc121081c43" />
    <UnitTestResult executionId="6efa6945-c1ee-42a5-9ab3-8029b749b55e" testId="869270ca-7ad0-311a-c8b8-ac6a665ee9c3" testName="SkiaSharpControlV2.Tests.Managers.SortingManagerTests.ApplySort_NullCollectionView_DoesNotThrow" computerName="DEV-BILALSIDDQU" duration="00:00:00.0512270" startTime="2026-04-14T17:41:46.8072441+05:00" endTime="2026-04-14T17:41:46.8072444+05:00" testType="13cdc9d9-ddb5-4fa4-a97d-d965ccfc6d4b" outcome="Passed" testListId="8c84fa94-04c1-424b-9868-57a2d4851a1d" relativeResultsDirectory="6efa6945-c1ee-42a5-9ab3-8029b749b55e" />
    <UnitTestResult executionId="b718f614-349b-4870-8221-f0fd92584f63" testId="3671351e-e906-2368-6b29-976620b554d9" testName="SkiaSharpControlV2.Tests.Helpers.SkFontFactoryTests.CreateSkFont_Normal_ReturnsFont" computerName="DEV-BILALSIDDQU" duration="00:00:00.0000612" startTime="2026-04-14T17:41:46.8395238+05:00" endTime="2026-04-14T17:41:46.8395239+05:00" testType="13cdc9d9-ddb5-4fa4-a97d-d965ccfc6d4b" outcome="Passed" testListId="8c84fa94-04c1-424b-9868-57a2d4851a1d" relativeResultsDirectory="b718f614-349b-4870-8221-f0fd92584f63" />
    <UnitTestResult executionId="03f8a38f-8bce-4db7-8d74-bfd1a8f2499f" testId="7688187c-dc8c-3703-4018-6d65ee00af7c" testName="SkiaSharpControlV2.Tests.Models.SKGroupCellTemplateTests.DefaultValues_HaveEmptyCollections" computerName="DEV-BILALSIDDQU" duration="00:00:00.0001410" startTime="2026-04-14T17:41:46.8130750+05:00" endTime="2026-04-14T17:41:46.8130750+05:00" testType="13cdc9d9-ddb5-4fa4-a97d-d965ccfc6d4b" outcome="Passed" testListId="8c84fa94-04c1-424b-9868-57a2d4851a1d" relativeResultsDirectory="03f8a38f-8bce-4db7-8d74-bfd1a8f2499f" />
    <UnitTestResult executionId="13acbc71-445a-416e-9a32-d68734c4264a" testId="113794cb-64f0-9094-001c-59a90a3b6a1a" testName="SkiaSharpControlV2.Tests.Models.SKCellTemplateTests.Setters_CanBePopulated" computerName="DEV-BILALSIDDQU" duration="00:00:00.0540961" startTime="2026-04-14T17:41:46.8099409+05:00" endTime="2026-04-14T17:41:46.8099411+05:00" testType="13cdc9d9-ddb5-4fa4-a97d-d965ccfc6d4b" outcome="Passed" testListId="8c84fa94-04c1-424b-9868-57a2d4851a1d" relativeResultsDirectory="13acbc71-445a-416e-9a32-d68734c4264a" />
    <UnitTestResult executionId="239b6d12-fafc-4243-ae01-dcc71a51f81b" testId="33ab6ee8-396c-802a-c18e-40e63631ad59" testName="SkiaSharpControlV2.Tests.Managers.SortingManagerTests.ApplySort_ReEntrant_Prevented_B36" computerName="DEV-BILALSIDDQU" duration="00:00:00.0005835" startTime="2026-04-14T17:41:46.8186913+05:00" endTime="2026-04-14T17:41:46.8186913+05:00" testType="13cdc9d9-ddb5-4fa4-a97d-d965ccfc6d4b" outcome="Passed" testListId="8c84fa94-04c1-424b-9868-57a2d4851a1d" relativeResultsDirectory="239b6d12-fafc-4243-ae01-dcc71a51f81b" />
    <UnitTestResult executionId="5d5e8708-3521-4750-873d-905b34962fdb" testId="1811d629-8103-a89a-5f7b-18ee4d30b026" testName="SkiaSharpControlV2.Tests.Helpers.CustomCollectionViewTests.Dispose_ClearsCollections" computerName="DEV-BILALSIDDQU" duration="00:00:00.0007212" startTime="2026-04-14T17:41:46.8194483+05:00" endTime="2026-04-14T17:41:46.8194484+05:00" testType="13cdc9d9-ddb5-4fa4-a97d-d965ccfc6d4b" outcome="Passed" testListId="8c84fa94-04c1-424b-9868-57a2d4851a1d" relativeResultsDirectory="5d5e8708-3521-4750-873d-905b34962fdb" />
    <UnitTestResult executionId="a4e8fee4-9cf5-4887-a9a1-3f71388e0f8c" testId="93e05e87-26be-14da-7d7c-2e2de2f9eb4b" testName="SkiaSharpControlV2.Tests.Helpers.HelperTests.ApplyFormat_DateTimeType_FormatsDate" computerName="DEV-BILALSIDDQU" duration="00:00:00.0001303" startTime="2026-04-14T17:41:46.8669812+05:00" endTime="2026-04-14T17:41:46.8669813+05:00" testType="13cdc9d9-ddb5-4fa4-a97d-d965ccfc6d4b" outcome="Passed" testListId="8c84fa94-04c1-424b-9868-57a2d4851a1d" relativeResultsDirectory="a4e8fee4-9cf5-4887-a9a1-3f71388e0f8c" />
    <UnitTestResult executionId="8337df73-db77-4039-90c2-bf25e0336e39" testId="8aacdcc5-2542-1f55-c75a-540640834bd2" testName="SkiaSharpControlV2.Tests.Models.TriggerEvaluationTests.EvaluateCondition_DoubleEquals_True" computerName="DEV-BILALSIDDQU" duration="00:00:00.0001651" startTime="2026-04-14T17:41:46.8142953+05:00" endTime="2026-04-14T17:41:46.8142953+05:00" testType="13cdc9d9-ddb5-4fa4-a97d-d965ccfc6d4b" outcome="Passed" testListId="8c84fa94-04c1-424b-9868-57a2d4851a1d" relativeResultsDirectory="8337df73-db77-4039-90c2-bf25e0336e39" />
    <UnitTestResult executionId="e7ca8726-ae17-4c0e-8ade-160c4bc6f8e1" testId="089e0827-15da-9f0a-73d6-a98046a2ec5a" testName="SkiaSharpControlV2.Tests.Helpers.CustomCollectionViewTests.ApplyGroup_WithSort_GroupItemsSorted" computerName="DEV-BILALSIDDQU" duration="00:00:00.0025557" startTime="2026-04-14T17:41:46.8215999+05:00" endTime="2026-04-14T17:41:46.8216003+05:00" testType="13cdc9d9-ddb5-4fa4-a97d-d965ccfc6d4b" outcome="Passed" testListId="8c84fa94-04c1-424b-9868-57a2d4851a1d" relativeResultsDirectory="e7ca8726-ae17-4c0e-8ade-160c4bc6f8e1" />
    <UnitTestResult executionId="0ba9157b-6035-4b07-b8a2-2a3093a84b38" testId="2dd7eccc-91f4-3a96-e90f-97391485df19" testName="SkiaSharpControlV2.Tests.Helpers.ReflectionHelperTests.GetPropValue_StringProperty_ReturnsString" computerName="DEV-BILALSIDDQU" duration="00:00:00.0006050" startTime="2026-04-14T17:41:46.7784331+05:00" endTime="2026-04-14T17:41:46.7784332+05:00" testType="13cdc9d9-ddb5-4fa4-a97d-d965ccfc6d4b" outcome="Passed" testListId="8c84fa94-04c1-424b-9868-57a2d4851a1d" relativeResultsDirectory="0ba9157b-6035-4b07-b8a2-2a3093a84b38" />
    <UnitTestResult executionId="472422c4-37a8-44f5-9afb-4054634fb573" testId="f26d5071-64b1-3e4c-cb67-060e242878c7" testName="SkiaSharpControlV2.Tests.Models.EnumTests.SkAggregation_AllValuesExist(value: Count)" computerName="DEV-BILALSIDDQU" duration="00:00:00.0000008" startTime="2026-04-14T17:41:46.7795086+05:00" endTime="2026-04-14T17:41:46.7795087+05:00" testType="13cdc9d9-ddb5-4fa4-a97d-d965ccfc6d4b" outcome="Passed" testListId="8c84fa94-04c1-424b-9868-57a2d4851a1d" relativeResultsDirectory="472422c4-37a8-44f5-9afb-4054634fb573" />
    <UnitTestResult executionId="831edf01-ec2f-425c-bea9-0f59ea0e8a5a" testId="9b2da2f5-e516-971a-c324-74e988b98cd6" testName="SkiaSharpControlV2.Tests.Renderer.SetterResolverAggregationTests.Sum" computerName="DEV-BILALSIDDQU" duration="00:00:00.0082257" startTime="2026-04-14T17:41:46.8284997+05:00" endTime="2026-04-14T17:41:46.8284998+05:00" testType="13cdc9d9-ddb5-4fa4-a97d-d965ccfc6d4b" outcome="Passed" testListId="8c84fa94-04c1-424b-9868-57a2d4851a1d" relativeResultsDirectory="831edf01-ec2f-425c-bea9-0f59ea0e8a5a" />
    <UnitTestResult executionId="7888b604-f4da-4c44-8ff3-883a50734e01" testId="7a400985-53e2-b5f8-5c4b-8f51f0ff7660" testName="SkiaSharpControlV2.Tests.Models.GroupTriggerTests.SKGroupMultiTrigger_PropertiesCanBeSet" computerName="DEV-BILALSIDDQU" duration="00:00:00.0004746" startTime="2026-04-14T17:41:46.8130421+05:00" endTime="2026-04-14T17:41:46.8130421+05:00" testType="13cdc9d9-ddb5-4fa4-a97d-d965ccfc6d4b" outcome="Passed" testListId="8c84fa94-04c1-424b-9868-57a2d4851a1d" relativeResultsDirectory="7888b604-f4da-4c44-8ff3-883a50734e01" />
    <UnitTestResult executionId="0f389aea-80fc-4682-ba0b-841d2270c288" testId="b83060d2-ce5e-ec6e-31f4-9d11a431cd7b" testName="SkiaSharpControlV2.Tests.Managers.FilterManagerTests.RemoveFilter_NullCollectionView_DoesNotThrow" computerName="DEV-BILALSIDDQU" duration="00:00:00.0005678" startTime="2026-04-14T17:41:46.8130958+05:00" endTime="2026-04-14T17:41:46.8130959+05:00" testType="13cdc9d9-ddb5-4fa4-a97d-d965ccfc6d4b" outcome="Passed" testListId="8c84fa94-04c1-424b-9868-57a2d4851a1d" relativeResultsDirectory="0f389aea-80fc-4682-ba0b-841d2270c288" />
    <UnitTestResult executionId="84f1a00f-97e1-4596-a940-342e66a73421" testId="eb3013d6-406f-21f8-7fd9-c8e25af62df1" testName="SkiaSharpControlV2.Tests.Models.EnumTests.SKOperation_AllValuesExist(value: Equals)" computerName="DEV-BILALSIDDQU" duration="00:00:00.0001108" startTime="2026-04-14T17:41:46.7790433+05:00" endTime="2026-04-14T17:41:46.7790433+05:00" testType="13cdc9d9-ddb5-4fa4-a97d-d965ccfc6d4b" outcome="Passed" testListId="8c84fa94-04c1-424b-9868-57a2d4851a1d" relativeResultsDirectory="84f1a00f-97e1-4596-a940-342e66a73421" />
    <UnitTestResult executionId="4a6238ed-574b-4d77-8dd0-8b0f289a4fb8" testId="629bd8aa-6799-bd6f-a6c0-fa29096a20ec" testName="SkiaSharpControlV2.Tests.Diagnostics.GridLoggerTests.AllCategories_AreDefined" computerName="DEV-BILALSIDDQU" duration="00:00:00.0050029" startTime="2026-04-14T17:41:46.7647353+05:00" endTime="2026-04-14T17:41:46.7647822+05:00" testType="13cdc9d9-ddb5-4fa4-a97d-d965ccfc6d4b" outcome="Passed" testListId="8c84fa94-04c1-424b-9868-57a2d4851a1d" relativeResultsDirectory="4a6238ed-574b-4d77-8dd0-8b0f289a4fb8" />
    <UnitTestResult executionId="86e1a8af-3df6-4210-9d4d-ea065037d738" testId="5a6455b2-1c2e-a471-9b15-87ef6a8b95db" testName="SkiaSharpControlV2.Tests.Models.TriggerEvaluationTests.EvaluateCondition_BoolEquals_True" computerName="DEV-BILALSIDDQU" duration="00:00:00.0001477" startTime="2026-04-14T17:41:46.8142167+05:00" endTime="2026-04-14T17:41:46.8142167+05:00" testType="13cdc9d9-ddb5-4fa4-a97d-d965ccfc6d4b" outcome="Passed" testListId="8c84fa94-04c1-424b-9868-57a2d4851a1d" relativeResultsDirectory="86e1a8af-3df6-4210-9d4d-ea065037d738" />
    <UnitTestResult executionId="957c22cf-a136-4ef6-914d-56b793f7c9e0" testId="8553caa0-3131-46c2-c7e6-cdafe9e42ad6" testName="SkiaSharpControlV2.Tests.Helpers.CustomCollectionViewTests.Dispose_CanBeCalledTwice" computerName="DEV-BILALSIDDQU" duration="00:00:00.0001421" startTime="2026-04-14T17:41:46.8465958+05:00" endTime="2026-04-14T17:41:46.8465959+05:00" testType="13cdc9d9-ddb5-4fa4-a97d-d965ccfc6d4b" outcome="Passed" testListId="8c84fa94-04c1-424b-9868-57a2d4851a1d" relativeResultsDirectory="957c22cf-a136-4ef6-914d-56b793f7c9e0" />
    <UnitTestResult executionId="ce8564a1-7bf4-4a9f-9e8a-615a25b5cdec" testId="1e69400a-3249-40fc-9b47-f9e3f7e17038" testName="SkiaSharpControlV2.Tests.Helpers.ReflectionHelperTests.ReadCurrentItemWithTypes_DifferentTypes_CachesSeparately" computerName="DEV-BILALSIDDQU" duration="00:00:00.0004025" startTime="2026-04-14T17:41:46.7784812+05:00" endTime="2026-04-14T17:41:46.7784813+05:00" testType="13cdc9d9-ddb5-4fa4-a97d-d965ccfc6d4b" outcome="Passed" testListId="8c84fa94-04c1-424b-9868-57a2d4851a1d" relativeResultsDirectory="ce8564a1-7bf4-4a9f-9e8a-615a25b5cdec" />
    <UnitTestResult executionId="3dd0e6d4-9c0d-4ad9-91af-e83af07f6025" testId="da6b3cfb-5334-5e89-61ec-0a0bab411482" testName="SkiaSharpControlV2.Tests.Services.GridExportServiceTests.Export_FlatItems_All_ReturnsHeaderAndAllRows" computerName="DEV-BILALSIDDQU" duration="00:00:00.0005881" startTime="2026-04-14T17:41:46.8314214+05:00" endTime="2026-04-14T17:41:46.8314214+05:00" testType="13cdc9d9-ddb5-4fa4-a97d-d965ccfc6d4b" outcome="Passed" testListId="8c84fa94-04c1-424b-9868-57a2d4851a1d" relativeResultsDirectory="3dd0e6d4-9c0d-4ad9-91af-e83af07f6025" />
    <UnitTestResult executionId="70d44d26-dc92-4a86-927b-47220d2646f5" testId="4aaeb478-1d1e-03f2-db78-b4c96239d413" testName="SkiaSharpControlV2.Tests.Models.EnumTests.SkAggregation_AllValuesExist(value: Sum)" computerName="DEV-BILALSIDDQU" duration="00:00:00.0000038" startTime="2026-04-14T17:41:46.7794545+05:00" endTime="2026-04-14T17:41:46.7794545+05:00" testType="13cdc9d9-ddb5-4fa4-a97d-d965ccfc6d4b" outcome="Passed" testListId="8c84fa94-04c1-424b-9868-57a2d4851a1d" relativeResultsDirectory="70d44d26-dc92-4a86-927b-47220d2646f5" />
    <UnitTestResult executionId="41d9d83f-a4bb-4d88-8a1e-404b4f6d7cfa" testId="327c1948-3f54-eb46-8195-c0398aa0db89" testName="SkiaSharpControlV2.Tests.Models.TriggerEvaluationTests.SKMultiTrigger_OneConditionFalse_ReturnsFalse" computerName="DEV-BILALSIDDQU" duration="00:00:00.0003099" startTime="2026-04-14T17:41:46.8194860+05:00" endTime="2026-04-14T17:41:46.8194860+05:00" testType="13cdc9d9-ddb5-4fa4-a97d-d965ccfc6d4b" outcome="Passed" testListId="8c84fa94-04c1-424b-9868-57a2d4851a1d" relativeResultsDirectory="41d9d83f-a4bb-4d88-8a1e-404b4f6d7cfa" />
    <UnitTestResult executionId="9fd300e2-d734-4fa5-b07a-53fedb4a71a3" testId="9d1528b3-9456-7519-705c-d3061ebaee83" testName="SkiaSharpControlV2.Tests.Models.SKRowTemplateTests.DefaultValues_HaveEmptyCollections" computerName="DEV-BILALSIDDQU" duration="00:00:00.0093484" startTime="2026-04-14T17:41:46.7763142+05:00" endTime="2026-04-14T17:41:46.7763143+05:00" testType="13cdc9d9-ddb5-4fa4-a97d-d965ccfc6d4b" outcome="Passed" testListId="8c84fa94-04c1-424b-9868-57a2d4851a1d" relativeResultsDirectory="9fd300e2-d734-4fa5-b07a-53fedb4a71a3" />
    <UnitTestResult executionId="66098247-406f-4297-97ab-82ea24afa77c" testId="20b9bbb2-b5c9-737b-fa27-7bd982eb4d19" testName="SkiaSharpControlV2.Tests.Models.RowModelTests.DefaultValues_AreCorrect" computerName="DEV-BILALSIDDQU" duration="00:00:00.0000655" startTime="2026-04-14T17:41:46.8134873+05:00" endTime="2026-04-14T17:41:46.8134874+05:00" testType="13cdc9d9-ddb5-4fa4-a97d-d965ccfc6d4b" outcome="Passed" testListId="8c84fa94-04c1-424b-9868-57a2d4851a1d" relativeResultsDirectory="66098247-406f-4297-97ab-82ea24afa77c" />
    <UnitTestResult executionId="7c0eee68-a2fb-4d39-964c-2d13ecd2c5c7" testId="66a062b6-20dd-fa45-e81f-b71889a7b91d" testName="SkiaSharpControlV2.Tests.Models.TriggerEvaluationTests.EvaluateCondition_DoubleLessThan_True" computerName="DEV-BILALSIDDQU" duration="00:00:00.0000850" startTime="2026-04-14T17:41:46.8195429+05:00" endTime="2026-04-14T17:41:46.8195429+05:00" testType="13cdc9d9-ddb5-4fa4-a97d-d965ccfc6d4b" outcome="Passed" testListId="8c84fa94-04c1-424b-9868-57a2d4851a1d" relativeResultsDirectory="7c0eee68-a2fb-4d39-964c-2d13ecd2c5c7" />
    <UnitTestResult executionId="07934e4f-47ab-40ae-bd12-c63da15786e0" testId="2eeffb3f-0b8e-04f9-695a-79c093b4a2b2" testName="SkiaSharpControlV2.Tests.Models.TriggerEvaluationTests.SKDataTrigger_Evaluate_NonExistentPath_ReturnsFalse" computerName="DEV-BILALSIDDQU" duration="00:00:00.0001533" startTime="2026-04-14T17:41:46.8173924+05:00" endTime="2026-04-14T17:41:46.8173925+05:00" testType="13cdc9d9-ddb5-4fa4-a97d-d965ccfc6d4b" outcome="Passed" testListId="8c84fa94-04c1-424b-9868-57a2d4851a1d" relativeResultsDirectory="07934e4f-47ab-40ae-bd12-c63da15786e0" />
    <UnitTestResult executionId="8814799c-1de8-4e22-8bd2-aa0c044e4f83" testId="2c9c202d-de36-11bc-3e9c-51691928095a" testName="SkiaSharpControlV2.Tests.Helpers.CustomCollectionViewTests.AddOrUpdateFilter_UpdateExisting_ReplacesFilter" computerName="DEV-BILALSIDDQU" duration="00:00:00.0004032" startTime="2026-04-14T17:41:46.8304963+05:00" endTime="2026-04-14T17:41:46.8304964+05:00" testType="13cdc9d9-ddb5-4fa4-a97d-d965ccfc6d4b" outcome="Passed" testListId="8c84fa94-04c1-424b-9868-57a2d4851a1d" relativeResultsDirectory="8814799c-1de8-4e22-8bd2-aa0c044e4f83" />
    <UnitTestResult executionId="b3ad9bb3-d300-4795-8024-2aaefb44b638" testId="79574708-5f18-c614-929f-55af1daf7ea5" testName="SkiaSharpControlV2.Tests.Helpers.SkFontFactoryTests.CreateSkFont_CaseInsensitiveStyle" computerName="DEV-BILALSIDDQU" duration="00:00:00.0257889" startTime="2026-04-14T17:41:46.8391562+05:00" endTime="2026-04-14T17:41:46.8391563+05:00" testType="13cdc9d9-ddb5-4fa4-a97d-d965ccfc6d4b" outcome="Passed" testListId="8c84fa94-04c1-424b-9868-57a2d4851a1d" relativeResultsDirectory="b3ad9bb3-d300-4795-8024-2aaefb44b638" />
    <UnitTestResult executionId="30cdf9ea-d1cf-4025-a60d-fc70e8337c05" testId="93d7a297-f605-1474-f70a-c048f92779a1" testName="SkiaSharpControlV2.Tests.Renderer.CompareValuesTests.CompareValues_NullRight_ReturnsFalse" computerName="DEV-BILALSIDDQU" duration="00:00:00.0000578" startTime="2026-04-14T17:41:46.7817536+05:00" endTime="2026-04-14T17:41:46.7817536+05:00" testType="13cdc9d9-ddb5-4fa4-a97d-d965ccfc6d4b" outcome="Passed" testListId="8c84fa94-04c1-424b-9868-57a2d4851a1d" relativeResultsDirectory="30cdf9ea-d1cf-4025-a60d-fc70e8337c05" />
    <UnitTestResult executionId="ab103474-7102-4769-bf1e-7108069a0af2" testId="e82cdb3f-1029-900d-815e-a2a303a202df" testName="SkiaSharpControlV2.Tests.Models.SKGroupDefinitionTests.DefaultValues_AreCorrect" computerName="DEV-BILALSIDDQU" duration="00:00:00.0002251" startTime="2026-04-14T17:41:46.8114975+05:00" endTime="2026-04-14T17:41:46.8114976+05:00" testType="13cdc9d9-ddb5-4fa4-a97d-d965ccfc6d4b" outcome="Passed" testListId="8c84fa94-04c1-424b-9868-57a2d4851a1d" relativeResultsDirectory="ab103474-7102-4769-bf1e-7108069a0af2" />
    <UnitTestResult executionId="63fe0957-e2e9-43f4-b495-7eca0b53ee16" testId="76c63ddd-ae9f-0042-271f-4c224c7bcb77" testName="SkiaSharpControlV2.Tests.Services.GridExportServiceTests.Export_GroupedItems_IncludesGroupHeaders" computerName="DEV-BILALSIDDQU" duration="00:00:00.0007843" startTime="2026-04-14T17:41:46.8339375+05:00" endTime="2026-04-14T17:41:46.8339376+05:00" testType="13cdc9d9-ddb5-4fa4-a97d-d965ccfc6d4b" outcome="Passed" testListId="8c84fa94-04c1-424b-9868-57a2d4851a1d" relativeResultsDirectory="63fe0957-e2e9-43f4-b495-7eca0b53ee16" />
    <UnitTestResult executionId="19e4217c-97c1-4b5d-a503-a617c5127402" testId="f5e3617e-c31b-da19-4489-786414cac247" testName="SkiaSharpControlV2.Tests.Managers.FilterManagerTests.AddOrUpdateFilter_NullCollectionView_DoesNotThrow" computerName="DEV-BILALSIDDQU" duration="00:00:00.0001049" startTime="2026-04-14T17:41:46.8148721+05:00" endTime="2026-04-14T17:41:46.8148722+05:00" testType="13cdc9d9-ddb5-4fa4-a97d-d965ccfc6d4b" outcome="Passed" testListId="8c84fa94-04c1-424b-9868-57a2d4851a1d" relativeResultsDirectory="19e4217c-97c1-4b5d-a503-a617c5127402" />
    <UnitTestResult executionId="3271eca2-e292-4cd8-bef0-0b8ca309c2f5" testId="32d53ab5-d5ab-c9b8-db75-42827ad34be4" testName="SkiaSharpControlV2.Tests.Services.GridAppearanceConfigTests.RowHeight_Formula_Correct(fontSize: 10, expectedRowHeight: 14)" computerName="DEV-BILALSIDDQU" duration="00:00:00.0000017" startTime="2026-04-14T17:41:46.7779735+05:00" endTime="2026-04-14T17:41:46.7779735+05:00" testType="13cdc9d9-ddb5-4fa4-a97d-d965ccfc6d4b" outcome="Passed" testListId="8c84fa94-04c1-424b-9868-57a2d4851a1d" relativeResultsDirectory="3271eca2-e292-4cd8-bef0-0b8ca309c2f5" />
    <UnitTestResult executionId="a8a1570b-998d-48d5-a073-9f7b139dd54b" testId="8a560dac-fe11-2e81-8acd-a32deab65e80" testName="SkiaSharpControlV2.Tests.Renderer.CompareValuesTests.CompareValues_String(left: &quot;abc&quot;, right: &quot;abc&quot;, op: Equals, expected: True)" computerName="DEV-BILALSIDDQU" duration="00:00:00.0005012" startTime="2026-04-14T17:41:46.7807668+05:00" endTime="2026-04-14T17:41:46.7807670+05:00" testType="13cdc9d9-ddb5-4fa4-a97d-d965ccfc6d4b" outcome="Passed" testListId="8c84fa94-04c1-424b-9868-57a2d4851a1d" relativeResultsDirectory="a8a1570b-998d-48d5-a073-9f7b139dd54b" />
    <UnitTestResult executionId="92eaa34d-e71a-4ca3-980a-887156eed961" testId="43303250-8e81-519d-5b03-5ffbb20c608b" testName="SkiaSharpControlV2.Tests.Helpers.HelperReadCurrentItemTests.ReadCurrentItemWithTypes_ValidProperty_ReturnsValueAndType" computerName="DEV-BILALSIDDQU" duration="00:00:00.0001460" startTime="2026-04-14T17:41:46.8141306+05:00" endTime="2026-04-14T17:41:46.8141306+05:00" testType="13cdc9d9-ddb5-4fa4-a97d-d965ccfc6d4b" outcome="Passed" testListId="8c84fa94-04c1-424b-9868-57a2d4851a1d" relativeResultsDirectory="92eaa34d-e71a-4ca3-980a-887156eed961" />
    <UnitTestResult executionId="ff3f4bd5-ab89-46cd-8162-639b690f48ec" testId="4d5cd9b5-2b58-cc7b-d713-ac16c11cb134" testName="SkiaSharpControlV2.Tests.Models.RowModelTests.Properties_CanBeSet" computerName="DEV-BILALSIDDQU" duration="00:00:00.0003382" startTime="2026-04-14T17:41:46.8134603+05:00" endTime="2026-04-14T17:41:46.8134604+05:00" testType="13cdc9d9-ddb5-4fa4-a97d-d965ccfc6d4b" outcome="Passed" testListId="8c84fa94-04c1-424b-9868-57a2d4851a1d" relativeResultsDirectory="ff3f4bd5-ab89-46cd-8162-639b690f48ec" />
    <UnitTestResult executionId="0d631b58-844f-492e-9cb8-0d53792e5614" testId="33813d0f-905e-c783-b0fc-c296c14ddbe8" testName="SkiaSharpControlV2.Tests.Models.TriggerEvaluationTests.EvaluateCondition_NullLeftStr_ReturnsFalse" computerName="DEV-BILALSIDDQU" duration="00:00:00.0000658" startTime="2026-04-14T17:41:46.8174431+05:00" endTime="2026-04-14T17:41:46.8174432+05:00" testType="13cdc9d9-ddb5-4fa4-a97d-d965ccfc6d4b" outcome="Passed" testListId="8c84fa94-04c1-424b-9868-57a2d4851a1d" relativeResultsDirectory="0d631b58-844f-492e-9cb8-0d53792e5614" />
    <UnitTestResult executionId="3ccd1b3e-c26d-49bb-8f64-d05e654f8b7b" testId="0882ed5b-6a1b-6c49-eaa6-d4b210344b95" testName="SkiaSharpControlV2.Tests.Services.GridAppearanceConfigTests.RowHeight_ComputedFromFontSize" computerName="DEV-BILALSIDDQU" duration="00:00:00.0000787" startTime="2026-04-14T17:41:46.7783447+05:00" endTime="2026-04-14T17:41:46.7783448+05:00" testType="13cdc9d9-ddb5-4fa4-a97d-d965ccfc6d4b" outcome="Passed" testListId="8c84fa94-04c1-424b-9868-57a2d4851a1d" relativeResultsDirectory="3ccd1b3e-c26d-49bb-8f64-d05e654f8b7b" />
    <UnitTestResult executionId="e8ddd9da-f3a4-4d31-93ca-280d8b8d0018" testId="5a494a61-0897-50d8-eb5f-b9598fc9ee5c" testName="SkiaSharpControlV2.Tests.Managers.FilterManagerTests.ColorConstants_Defined" computerName="DEV-BILALSIDDQU" duration="00:00:00.0000578" startTime="2026-04-14T17:41:46.8162791+05:00" endTime="2026-04-14T17:41:46.8162792+05:00" testType="13cdc9d9-ddb5-4fa4-a97d-d965ccfc6d4b" outcome="Passed" testListId="8c84fa94-04c1-424b-9868-57a2d4851a1d" relativeResultsDirectory="e8ddd9da-f3a4-4d31-93ca-280d8b8d0018" />
    <UnitTestResult executionId="2e149340-ef3a-4f34-8d5b-009dbcbfea9c" testId="7aa0936e-cdec-58f5-4b56-a9eb89d78a3d" testName="SkiaSharpControlV2.Tests.Services.GridAppearanceConfigTests.ColumnHeaderHeight_WhenVisible_IsFontSizePlus10" computerName="DEV-BILALSIDDQU" duration="00:00:00.0000688" startTime="2026-04-14T17:41:46.7765678+05:00" endTime="2026-04-14T17:41:46.7765678+05:00" testType="13cdc9d9-ddb5-4fa4-a97d-d965ccfc6d4b" outcome="Passed" testListId="8c84fa94-04c1-424b-9868-57a2d4851a1d" relativeResultsDirectory="2e149340-ef3a-4f34-8d5b-009dbcbfea9c" />
    <UnitTestResult executionId="6c570d1a-e599-4c6c-91f4-b0bdc0a8cee6" testId="838eb155-0cd8-8f3c-9057-d9d83505a687" testName="SkiaSharpControlV2.Tests.Helpers.HelperTests.ApplyFormat_EmptyValue_ReturnsEmpty" computerName="DEV-BILALSIDDQU" duration="00:00:00.0000572" startTime="2026-04-14T17:41:46.8634513+05:00" endTime="2026-04-14T17:41:46.8634513+05:00" testType="13cdc9d9-ddb5-4fa4-a97d-d965ccfc6d4b" outcome="Passed" testListId="8c84fa94-04c1-424b-9868-57a2d4851a1d" relativeResultsDirectory="6c570d1a-e599-4c6c-91f4-b0bdc0a8cee6" />
    <UnitTestResult executionId="a548d961-34fc-401c-aaab-275779096872" testId="5416b716-d2e6-afb5-8ad6-a6ae12daae39" testName="SkiaSharpControlV2.Tests.Helpers.CustomCollectionViewTests.Items_ReturnsCurrentItems" computerName="DEV-BILALSIDDQU" duration="00:00:00.0003483" startTime="2026-04-14T17:41:46.8294641+05:00" endTime="2026-04-14T17:41:46.8294641+05:00" testType="13cdc9d9-ddb5-4fa4-a97d-d965ccfc6d4b" outcome="Passed" testListId="8c84fa94-04c1-424b-9868-57a2d4851a1d" relativeResultsDirectory="a548d961-34fc-401c-aaab-275779096872" />
    <UnitTestResult executionId="61af2dba-46df-4db6-a994-52cbc52ed43d" testId="82b91564-fa37-2149-abcc-1f8c409409b0" testName="SkiaSharpControlV2.Tests.Models.SKGridViewColumnTests.Header_Set_FiresPropertyChanged" computerName="DEV-BILALSIDDQU" duration="00:00:00.0002398" startTime="2026-04-14T17:41:46.8187131+05:00" endTime="2026-04-14T17:41:46.8187131+05:00" testType="13cdc9d9-ddb5-4fa4-a97d-d965ccfc6d4b" outcome="Passed" testListId="8c84fa94-04c1-424b-9868-57a2d4851a1d" relativeResultsDirectory="61af2dba-46df-4db6-a994-52cbc52ed43d" />
    <UnitTestResult executionId="604ddda6-abc2-407a-8613-4a92db58fbf3" testId="0fad9415-718f-91af-905f-6afe93f20921" testName="SkiaSharpControlV2.Tests.Services.GridAppearanceConfigTests.ColumnHeaderHeight_WhenHidden_IsZero" computerName="DEV-BILALSIDDQU" duration="00:00:00.0000427" startTime="2026-04-14T17:41:46.7783757+05:00" endTime="2026-04-14T17:41:46.7783757+05:00" testType="13cdc9d9-ddb5-4fa4-a97d-d965ccfc6d4b" outcome="Passed" testListId="8c84fa94-04c1-424b-9868-57a2d4851a1d" relativeResultsDirectory="604ddda6-abc2-407a-8613-4a92db58fbf3" />
    <UnitTestResult executionId="8041c9fb-eed5-4f06-8ee7-6156ad8bd0fd" testId="64a32279-807c-4cac-2065-6325d05e3a0e" testName="SkiaSharpControlV2.Tests.Diagnostics.GridLoggerTests.Log_DoesNotThrow" computerName="DEV-BILALSIDDQU" duration="00:00:00.0000918" startTime="2026-04-14T17:41:46.7686593+05:00" endTime="2026-04-14T17:41:46.7686593+05:00" testType="13cdc9d9-ddb5-4fa4-a97d-d965ccfc6d4b" outcome="Passed" testListId="8c84fa94-04c1-424b-9868-57a2d4851a1d" relativeResultsDirectory="8041c9fb-eed5-4f06-8ee7-6156ad8bd0fd" />
    <UnitTestResult executionId="23b2a225-e617-4863-a700-b8cfcb2c029d" testId="dbd25aa2-d1f4-29ce-f78d-0ad6a730622a" testName="SkiaSharpControlV2.Tests.Services.GridExportServiceTests.Export_HiddenColumns_AreExcluded" computerName="DEV-BILALSIDDQU" duration="00:00:00.0367007" startTime="2026-04-14T17:41:46.8177211+05:00" endTime="2026-04-14T17:41:46.8177213+05:00" testType="13cdc9d9-ddb5-4fa4-a97d-d965ccfc6d4b" outcome="Passed" testListId="8c84fa94-04c1-424b-9868-57a2d4851a1d" relativeResultsDirectory="23b2a225-e617-4863-a700-b8cfcb2c029d" />
    <UnitTestResult executionId="922861f6-0ae9-4f68-bcdf-2478d09b018e" testId="19f5bdd2-7e3b-194b-02b4-b59daaecb24a" testName="SkiaSharpControlV2.Tests.Helpers.CustomCollectionViewTests.GroupAggregation_Count_CountsAllNonNull" computerName="DEV-BILALSIDDQU" duration="00:00:00.0009900" startTime="2026-04-14T17:41:46.8269110+05:00" endTime="2026-04-14T17:41:46.8269112+05:00" testType="13cdc9d9-ddb5-4fa4-a97d-d965ccfc6d4b" outcome="Passed" testListId="8c84fa94-04c1-424b-9868-57a2d4851a1d" relativeResultsDirectory="922861f6-0ae9-4f68-bcdf-2478d09b018e" />
    <UnitTestResult executionId="0401e1cb-7d23-4372-b5b5-75e117e4bf6e" testId="4eaecdc6-92b6-4c7f-c472-8b896b3f8b9a" testName="SkiaSharpControlV2.Tests.Models.TriggerEvaluationTests.EvaluateCondition_DoubleGreaterThan_False" computerName="DEV-BILALSIDDQU" duration="00:00:00.0000699" startTime="2026-04-14T17:41:46.8195763+05:00" endTime="2026-04-14T17:41:46.8195763+05:00" testType="13cdc9d9-ddb5-4fa4-a97d-d965ccfc6d4b" outcome="Passed" testListId="8c84fa94-04c1-424b-9868-57a2d4851a1d" relativeResultsDirectory="0401e1cb-7d23-4372-b5b5-75e117e4bf6e" />
    <UnitTestResult executionId="13ad741b-ba93-47d1-bee3-0924a1810922" testId="ee5b6e5c-6152-55d1-3ee4-19ae092e8617" testName="SkiaSharpControlV2.Tests.Renderer.SetterResolverAggregationTests.Count" computerName="DEV-BILALSIDDQU" duration="00:00:00.0003361" startTime="2026-04-14T17:41:46.8294864+05:00" endTime="2026-04-14T17:41:46.8294864+05:00" testType="13cdc9d9-ddb5-4fa4-a97d-d965ccfc6d4b" outcome="Passed" testListId="8c84fa94-04c1-424b-9868-57a2d4851a1d" relativeResultsDirectory="13ad741b-ba93-47d1-bee3-0924a1810922" />
    <UnitTestResult executionId="65341cd0-4916-4216-a2be-21eaeca1d8b2" testId="f650eab6-a756-8c33-8e57-455c5363df02" testName="SkiaSharpControlV2.Tests.Helpers.HelperTests.ApplyFormat_NumericValues_FormatsCorrectly(type: typeof(double), value: &quot;-50.5&quot;, format: &quot;N1&quot;, showBracket: True, showAcronym: False, expected: &quot;(50.5)&quot;)" computerName="DEV-BILALSIDDQU" duration="00:00:00.0000128" startTime="2026-04-14T17:41:46.8634231+05:00" endTime="2026-04-14T17:41:46.8634231+05:00" testType="13cdc9d9-ddb5-4fa4-a97d-d965ccfc6d4b" outcome="Passed" testListId="8c84fa94-04c1-424b-9868-57a2d4851a1d" relativeResultsDirectory="65341cd0-4916-4216-a2be-21eaeca1d8b2" />
    <UnitTestResult executionId="51a16366-42c5-40f6-ad06-e0639d81bf08" testId="bfb7170b-be36-3f32-7ca0-6ef5c709236d" testName="SkiaSharpControlV2.Tests.Helpers.ReflectionHelperTests.ReadCurrentItemWithTypes_NonExistentProperty_ReturnsNulls" computerName="DEV-BILALSIDDQU" duration="00:00:00.0003785" startTime="2026-04-14T17:41:46.7785263+05:00" endTime="2026-04-14T17:41:46.7785263+05:00" testType="13cdc9d9-ddb5-4fa4-a97d-d965ccfc6d4b" outcome="Passed" testListId="8c84fa94-04c1-424b-9868-57a2d4851a1d" relativeResultsDirectory="51a16366-42c5-40f6-ad06-e0639d81bf08" />
    <UnitTestResult executionId="77e7f93f-9a2f-4f97-8461-6630db039fad" testId="ba7d9c8b-2e2a-833f-c06d-80749da1d09b" testName="SkiaSharpControlV2.Tests.Helpers.CustomCollectionViewTests.ClearSortDescriptions_RemovesSort" computerName="DEV-BILALSIDDQU" duration="00:00:00.0003534" startTime="2026-04-14T17:41:46.8368003+05:00" endTime="2026-04-14T17:41:46.8368004+05:00" testType="13cdc9d9-ddb5-4fa4-a97d-d965ccfc6d4b" outcome="Passed" testListId="8c84fa94-04c1-424b-9868-57a2d4851a1d" relativeResultsDirectory="77e7f93f-9a2f-4f97-8461-6630db039fad" />
[...]
    <TestEntry testId="7b6be240-6ea8-8417-7276-ccbc243d4579" executionId="f2080ab4-1514-4e53-9e3d-890c0abe27e6" testListId="8c84fa94-04c1-424b-9868-57a2d4851a1d" />
    <TestEntry testId="afcf0190-d418-ad1f-9184-0409213f603d" executionId="514b0376-36b9-49f1-a5a6-e82bc2633493" testListId="8c84fa94-04c1-424b-9868-57a2d4851a1d" />
    <TestEntry testId="bbaf54f1-29a4-28da-dad1-2d333f44e8e4" executionId="e8a5f53d-6101-4108-86d2-6598bf59194b" testListId="8c84fa94-04c1-424b-9868-57a2d4851a1d" />
    <TestEntry testId="d6dd3190-9096-edb5-412d-d3d8a4608b69" executionId="673e11c8-dfbd-4fdb-b053-36f3490e2843" testListId="8c84fa94-04c1-424b-9868-57a2d4851a1d" />
    <TestEntry testId="cfbd6b2d-203a-a687-45c4-f95e7b43f9a0" executionId="f84a971e-c1f4-4b1c-a3d3-24b86634031e" testListId="8c84fa94-04c1-424b-9868-57a2d4851a1d" />
    <TestEntry testId="de77b83e-08c5-5cb1-7efe-b6d4e6df347c" executionId="b0d970ba-9044-4a02-bd9b-3435c9d9c340" testListId="8c84fa94-04c1-424b-9868-57a2d4851a1d" />
    <TestEntry testId="f8b51525-895e-ed9c-d3ab-b1a46493f686" executionId="018fd5c6-0ee5-4545-bc0b-366495a74a62" testListId="8c84fa94-04c1-424b-9868-57a2d4851a1d" />
    <TestEntry testId="406a37ae-960a-eb60-15ae-eb1a9988494a" executionId="d98e7f38-ccc6-4798-a1d1-74f8f7e53d91" testListId="8c84fa94-04c1-424b-9868-57a2d4851a1d" />
    <TestEntry testId="1ce114ea-5431-6596-b6fb-1c349c871b4e" executionId="c0539ff3-b777-47a8-be16-f772846b383f" testListId="8c84fa94-04c1-424b-9868-57a2d4851a1d" />
    <TestEntry testId="ad4451bd-fbe4-a8ad-2481-b3aa95d83fa8" executionId="e8272f2d-4db0-41eb-81eb-16ce4687a2e3" testListId="8c84fa94-04c1-424b-9868-57a2d4851a1d" />
    <TestEntry testId="e0bfdc46-c5dd-afd8-45c0-a85151d5705f" executionId="961cbbe0-65b3-48c9-8f04-b527a89dc03c" testListId="8c84fa94-04c1-424b-9868-57a2d4851a1d" />
    <TestEntry testId="8c58f04f-d28d-8153-842e-b7dcee0b61e4" executionId="93a20bca-65ea-4b4e-b060-e6e23bc7e859" testListId="8c84fa94-04c1-424b-9868-57a2d4851a1d" />
    <TestEntry testId="45c92ca8-b12b-97db-dfeb-ab6c3b37529f" executionId="5166f150-d27f-45b3-9d87-6caf449b1e56" testListId="8c84fa94-04c1-424b-9868-57a2d4851a1d" />
    <TestEntry testId="c794b8e2-1af5-3b41-8a72-d9c2a12cdbda" executionId="af329137-fdf1-431d-85a2-3331f9348dd7" testListId="8c84fa94-04c1-424b-9868-57a2d4851a1d" />
    <TestEntry testId="0529fa01-f59f-856e-39aa-95eca7109587" executionId="c8fce5a2-37a4-4bf1-8378-4848aa3930ee" testListId="8c84fa94-04c1-424b-9868-57a2d4851a1d" />
    <TestEntry testId="2bd24b8d-5c6d-2021-5fe3-ceb6f7719f69" executionId="4691ef80-f3c5-49e1-823d-4bbcfdf05774" testListId="8c84fa94-04c1-424b-9868-57a2d4851a1d" />
    <TestEntry testId="b95ede56-929c-8f2d-93a8-f35dd9c7f26b" executionId="938d7571-57aa-4b86-b0c3-8e6a8bd89b85" testListId="8c84fa94-04c1-424b-9868-57a2d4851a1d" />
    <TestEntry testId="3b54c353-49fa-6c81-0186-a41600c91481" executionId="fa47beb8-e14b-46e2-886a-99e7573e5f75" testListId="8c84fa94-04c1-424b-9868-57a2d4851a1d" />
    <TestEntry testId="80708a15-1f07-331a-8b6e-40efbeb46093" executionId="2e39f263-aadd-445d-9242-a5e74ac81956" testListId="8c84fa94-04c1-424b-9868-57a2d4851a1d" />
    <TestEntry testId="52ac64c2-b6b9-3435-7f7e-8125cf9957b2" executionId="6df7bd62-ffba-413e-b425-8aa180f856f1" testListId="8c84fa94-04c1-424b-9868-57a2d4851a1d" />
    <TestEntry testId="eb93f119-58a2-9c0a-dfe5-a283171c4aa5" executionId="e7b6d4d8-69a4-4de2-aa85-5a8d4be344eb" testListId="8c84fa94-04c1-424b-9868-57a2d4851a1d" />
    <TestEntry testId="246d2ad1-919c-4410-1564-ccf4750bacb9" executionId="21fb972f-4608-4aa3-aa2e-0ef76fc95096" testListId="8c84fa94-04c1-424b-9868-57a2d4851a1d" />
    <TestEntry testId="1c3c91c2-15bf-6b0e-ecf5-3da0ebb3a5c5" executionId="df9ba09f-d591-406f-86c0-0f8f27f4e306" testListId="8c84fa94-04c1-424b-9868-57a2d4851a1d" />
    <TestEntry testId="5e222f64-2ece-1dde-7942-d297fa0956b9" executionId="cee8c563-728f-42d5-b2ae-4678aa603d37" testListId="8c84fa94-04c1-424b-9868-57a2d4851a1d" />
    <TestEntry testId="4e7acd18-d6ba-ba59-8327-f68c2af9ffce" executionId="e709e483-d679-4b97-a2e7-bdbfe9dfb47a" testListId="8c84fa94-04c1-424b-9868-57a2d4851a1d" />
    <TestEntry testId="52a37db2-451d-a41b-c4d5-0c16e55b05c6" executionId="cdfb67bb-1449-47c4-93db-213803ecf5bd" testListId="8c84fa94-04c1-424b-9868-57a2d4851a1d" />
    <TestEntry testId="c3e73bac-eee4-4a14-57d9-f9d2e857dc9c" executionId="76eec19c-f2e1-4c32-893e-03e4239f8a5c" testListId="8c84fa94-04c1-424b-9868-57a2d4851a1d" />
    <TestEntry testId="9118eb38-26df-a126-94a0-b4f7c8cb2443" executionId="ea637169-9d33-4e08-9b0f-fbd77b031e21" testListId="8c84fa94-04c1-424b-9868-57a2d4851a1d" />
    <TestEntry testId="bc903e45-f6b0-6c21-20ca-39e85030c99b" executionId="86adebe0-8e61-4847-bb80-8ab734020910" testListId="8c84fa94-04c1-424b-9868-57a2d4851a1d" />
    <TestEntry testId="facc689f-db30-4fb5-3306-23d822ece8ae" executionId="3dcf649f-2916-4eb7-9b01-a44459a17dfa" testListId="8c84fa94-04c1-424b-9868-57a2d4851a1d" />
    <TestEntry testId="415f19c4-bee0-6b09-e569-b50fc3eeac41" executionId="2fa4578f-7244-4366-b856-79c49b1710b8" testListId="8c84fa94-04c1-424b-9868-57a2d4851a1d" />
    <TestEntry testId="62894894-e72b-3048-ad99-3e0f6f437847" executionId="7f2c48f4-c490-43c9-8522-570ccfc5110b" testListId="8c84fa94-04c1-424b-9868-57a2d4851a1d" />
    <TestEntry testId="d9229915-12f4-95e3-000f-43fa72a171bc" executionId="b3395af5-287c-413c-afe2-d49a54b631d7" testListId="8c84fa94-04c1-424b-9868-57a2d4851a1d" />
    <TestEntry testId="02b68036-5bb4-6525-0396-fbcb24f65c9f" executionId="f3d986e2-8ebe-4727-94e1-e6ecc02ff408" testListId="8c84fa94-04c1-424b-9868-57a2d4851a1d" />
    <TestEntry testId="4c2cdd7d-2bd5-ee12-29dd-302b43bc55dc" executionId="b0325fdd-ae38-4c17-94e2-6dd9f8b979cd" testListId="8c84fa94-04c1-424b-9868-57a2d4851a1d" />
    <TestEntry testId="99262453-fc7e-6ab0-2449-1b619cdbe070" executionId="e699d9d8-f685-4fa5-9843-4ef07385b223" testListId="8c84fa94-04c1-424b-9868-57a2d4851a1d" />
    <TestEntry testId="57fd6e4a-36e3-2e33-94ac-39c8593634b5" executionId="e14185b8-461e-4a1b-a1dc-0683d9f639b1" testListId="8c84fa94-04c1-424b-9868-57a2d4851a1d" />
    <TestEntry testId="9fac466c-87dc-0565-58b7-0e97c691a61f" executionId="eb9e5915-3fc1-4e47-a89b-622c9d53cd59" testListId="8c84fa94-04c1-424b-9868-57a2d4851a1d" />
    <TestEntry testId="f13ef478-1cff-e26d-a5f5-b6ef9a11121a" executionId="61040ea8-48ea-46ac-b863-c21a80ae80d7" testListId="8c84fa94-04c1-424b-9868-57a2d4851a1d" />
    <TestEntry testId="ace55dd0-fd99-42f4-d5e4-c4d5b43a68d1" executionId="2eaf4824-aaae-4f7f-9c78-e8f7c4d7b297" testListId="8c84fa94-04c1-424b-9868-57a2d4851a1d" />
    <TestEntry testId="6647ce35-1540-587c-08d5-ad25e7bc3f8b" executionId="239ce27c-8ce9-4f63-9017-06ed2b95231d" testListId="8c84fa94-04c1-424b-9868-57a2d4851a1d" />
    <TestEntry testId="4c9b2d96-f711-5c2e-872c-b0191d697dd9" executionId="458659bf-e301-4cdd-80f3-47633d8eb5b6" testListId="8c84fa94-04c1-424b-9868-57a2d4851a1d" />
    <TestEntry testId="b0deb991-2393-2f42-e483-7d257fa57a89" executionId="32982e7c-e12a-4625-917f-49db5a030d48" testListId="8c84fa94-04c1-424b-9868-57a2d4851a1d" />
    <TestEntry testId="3c65f07d-a534-1697-4f12-7315207cc0e9" executionId="f34cb971-c91d-4498-bbfc-a2f9c6aeb774" testListId="8c84fa94-04c1-424b-9868-57a2d4851a1d" />
    <TestEntry testId="cd93ac66-8f7d-f229-bacc-05af175074e4" executionId="b8563663-bbe2-4ede-9790-c354f200a94b" testListId="8c84fa94-04c1-424b-9868-57a2d4851a1d" />
    <TestEntry testId="e9a9de9f-5a49-51ee-3970-f7590c6ebc1e" executionId="1675ae2a-6a83-4d29-9fc4-107d4e6b80c2" testListId="8c84fa94-04c1-424b-9868-57a2d4851a1d" />
    <TestEntry testId="e4b6b622-af1b-721a-4e77-75d647a9b467" executionId="2ee103ef-f030-4bb3-b2a6-77e2296fc2f8" testListId="8c84fa94-04c1-424b-9868-57a2d4851a1d" />
    <TestEntry testId="7a106dbe-559e-f405-697f-324ff1934c1a" executionId="b4c30e71-b90f-40e5-8935-3eeabe085bfe" testListId="8c84fa94-04c1-424b-9868-57a2d4851a1d" />
    <TestEntry testId="56cf6ca8-8b03-bd02-e924-7898e5753cef" executionId="3856e72f-a780-470d-bb59-305e4b9188e3" testListId="8c84fa94-04c1-424b-9868-57a2d4851a1d" />
    <TestEntry testId="86012548-8f36-f07b-c166-ea10c33718d5" executionId="02c8ce9d-3999-4eaf-8d56-6c8c2ea59d07" testListId="8c84fa94-04c1-424b-9868-57a2d4851a1d" />
    <TestEntry testId="a0f5bbae-937e-4282-bf89-87821f305eaa" executionId="87d1a1d3-86a1-4161-8be4-a1587c6a757e" testListId="8c84fa94-04c1-424b-9868-57a2d4851a1d" />
    <TestEntry testId="01e4d2c2-cacd-e917-fcbc-d00bd37421d6" executionId="8ef25c32-c936-48e0-8599-fd74d0c028ab" testListId="8c84fa94-04c1-424b-9868-57a2d4851a1d" />
    <TestEntry testId="eba59825-58fa-86f9-7fa7-ee0599f10d53" executionId="d94c3dbf-1770-42d3-a39c-45d5441a2e0f" testListId="8c84fa94-04c1-424b-9868-57a2d4851a1d" />
    <TestEntry testId="bcefec99-70df-94ad-4659-38eba9553db1" executionId="b68c8031-2eb3-4ba1-8690-d8a9ec11335c" testListId="8c84fa94-04c1-424b-9868-57a2d4851a1d" />
    <TestEntry testId="3f293997-f1e2-1e90-e317-7ee909277de2" executionId="8ef2ddae-9a0a-42e2-80d5-8e1cc0f4510d" testListId="8c84fa94-04c1-424b-9868-57a2d4851a1d" />
    <TestEntry testId="1b4f75b2-a814-84f0-3c9b-612596ab682c" executionId="97afea1d-8c85-4f7e-9a44-54d10bc1cf62" testListId="8c84fa94-04c1-424b-9868-57a2d4851a1d" />
    <TestEntry testId="b364a3cc-5957-94f8-d403-d2ecc3345ed1" executionId="91206446-e8b6-40ea-99e7-4d94700aee31" testListId="8c84fa94-04c1-424b-9868-57a2d4851a1d" />
    <TestEntry testId="64ae9ab8-b3c9-8b4c-5a66-073bf6ea20f8" executionId="a19c5e27-0a8c-4a03-b4af-29864eea66eb" testListId="8c84fa94-04c1-424b-9868-57a2d4851a1d" />
    <TestEntry testId="a3095b21-c6c7-9df1-cb23-0ebb58e18635" executionId="92f27e22-eaeb-454c-8b6f-14453c26c35f" testListId="8c84fa94-04c1-424b-9868-57a2d4851a1d" />
    <TestEntry testId="26f559ee-b23d-a608-5c59-addea34dab83" executionId="c036fb0e-2f82-48e7-9483-1d96823e412d" testListId="8c84fa94-04c1-424b-9868-57a2d4851a1d" />
    <TestEntry testId="ca714c4a-2f5b-97b6-e322-f9854f9ecbcf" executionId="b2fb8686-40ee-42ab-9ca7-4ad8b9de501a" testListId="8c84fa94-04c1-424b-9868-57a2d4851a1d" />
    <TestEntry testId="0419e2fb-0427-dae5-8d92-f81cddc5ca6c" executionId="12aad388-5bda-4b46-a009-a5bb045231ec" testListId="8c84fa94-04c1-424b-9868-57a2d4851a1d" />
    <TestEntry testId="2db4c4eb-759b-b124-e61a-a90498c2ac0f" executionId="1c2ff5f2-23ee-4d87-b991-2e1c7e7fd71e" testListId="8c84fa94-04c1-424b-9868-57a2d4851a1d" />
    <TestEntry testId="56a2d920-047f-f60c-5a16-75aa22871ae2" executionId="980b8347-97dd-4eb9-ace6-284d66d6f10f" testListId="8c84fa94-04c1-424b-9868-57a2d4851a1d" />
    <TestEntry testId="b541fb28-cf1b-dc42-2173-691d26ff303b" executionId="3c94ec8e-d8f5-4324-8547-812911a8d5ef" testListId="8c84fa94-04c1-424b-9868-57a2d4851a1d" />
    <TestEntry testId="ac63920e-08e4-a15e-eb4a-6b5b27562a8e" executionId="255f5038-fe2b-4078-8ef8-e1b57d51f750" testListId="8c84fa94-04c1-424b-9868-57a2d4851a1d" />
    <TestEntry testId="8bc61f1b-ab5c-0e79-d991-f2ecb45ae85e" executionId="4b5fc6a6-dbc6-44f3-b0f8-6984b7dae2b1" testListId="8c84fa94-04c1-424b-9868-57a2d4851a1d" />
    <TestEntry testId="361d2e15-1eff-f1c8-7980-f08dd60e59a8" executionId="0b21ea2f-5313-45ec-84f5-c8c956313499" testListId="8c84fa94-04c1-424b-9868-57a2d4851a1d" />
    <TestEntry testId="5ed7c115-d2f5-e87e-3394-8216d3add4c8" executionId="ce2f2a4d-18c4-4bd0-8823-895edeac8c47" testListId="8c84fa94-04c1-424b-9868-57a2d4851a1d" />
    <TestEntry testId="aceee6e2-205c-eb0c-c2cc-1d2296edb608" executionId="21879374-bc41-43c1-bc0b-6f515cb6241a" testListId="8c84fa94-04c1-424b-9868-57a2d4851a1d" />
    <TestEntry testId="ca22bcc0-d32c-9dd3-cd1d-c56a3d3941e8" executionId="7de0644d-22e2-4add-bbca-85630f444863" testListId="8c84fa94-04c1-424b-9868-57a2d4851a1d" />
    <TestEntry testId="39297b2e-4447-fe59-16b3-0b6b10daabce" executionId="ff55de3d-e03f-4893-9c23-67f2c2e3c5f4" testListId="8c84fa94-04c1-424b-9868-57a2d4851a1d" />
    <TestEntry testId="f68e965a-ac44-97a6-0092-172226ce47c4" executionId="0fda3e08-a306-407c-a61a-2ec17e83fc80" testListId="8c84fa94-04c1-424b-9868-57a2d4851a1d" />
    <TestEntry testId="21cf3b22-d4ba-1051-5ab8-70c96fd64e63" executionId="8cd7b141-633a-4643-9241-ab32bc04d10a" testListId="8c84fa94-04c1-424b-9868-57a2d4851a1d" />
    <TestEntry testId="8944b214-c6e3-b015-af9e-afc45b804b37" executionId="9b665c96-05f8-480a-a0ce-8587cada3c1b" testListId="8c84fa94-04c1-424b-9868-57a2d4851a1d" />
    <TestEntry testId="55180c67-f0a0-185c-dd4c-811436a9843a" executionId="6b877d25-e92f-4b72-af31-e0f1d070ecab" testListId="8c84fa94-04c1-424b-9868-57a2d4851a1d" />
    <TestEntry testId="0b8fd85b-7476-b5ec-4662-17593554989d" executionId="c7f61d85-0a76-4aa8-bef3-deefec3363ea" testListId="8c84fa94-04c1-424b-9868-57a2d4851a1d" />
    <TestEntry testId="a6efe64b-ce55-5ca3-866b-97a639d22509" executionId="041357fe-c665-4e15-a51c-85db4812c241" testListId="8c84fa94-04c1-424b-9868-57a2d4851a1d" />
    <TestEntry testId="61d5e723-0e0f-5429-981e-4d0bad0abca4" executionId="94903da7-d981-4c1d-8e50-c05db2619219" testListId="8c84fa94-04c1-424b-9868-57a2d4851a1d" />
    <TestEntry testId="a68f0d83-34fc-fa5c-f87b-380086a28742" executionId="d007f693-e582-435e-97f4-7f3b0a8667f0" testListId="8c84fa94-04c1-424b-9868-57a2d4851a1d" />
    <TestEntry testId="26f45f13-40d5-49b4-3970-67a009cf70ad" executionId="6b8696ae-0e35-48c0-b101-2e682c21f8f8" testListId="8c84fa94-04c1-424b-9868-57a2d4851a1d" />
    <TestEntry testId="85bbb1f6-6413-209f-d3db-c83f231179fa" executionId="aacef556-de4d-48c9-bf0f-00eed5541f29" testListId="8c84fa94-04c1-424b-9868-57a2d4851a1d" />
    <TestEntry testId="700ec6d6-9000-708a-854b-77b74f2a7282" executionId="fe30b2ae-49c6-4dcd-8196-8c682c423484" testListId="8c84fa94-04c1-424b-9868-57a2d4851a1d" />
    <TestEntry testId="ecc3a91b-291b-d63b-d2f9-b5d1b2ffa9b3" executionId="6297a2d1-09f9-4dc1-9eaf-bd8a7595d95a" testListId="8c84fa94-04c1-424b-9868-57a2d4851a1d" />
    <TestEntry testId="c8027bd5-141b-9b4f-5bee-596472202b93" executionId="d705724e-c4a5-4365-97bd-72ef312c16c9" testListId="8c84fa94-04c1-424b-9868-57a2d4851a1d" />
    <TestEntry testId="6d4f2d3e-465b-8b6c-2d44-d6a0bd66f811" executionId="17a05035-7b89-4668-a1c1-fd36efa464bd" testListId="8c84fa94-04c1-424b-9868-57a2d4851a1d" />
    <TestEntry testId="224bf6df-7c98-1800-faad-7cd1cf481444" executionId="bcf0394e-0646-45fe-ad08-c4a9b7716397" testListId="8c84fa94-04c1-424b-9868-57a2d4851a1d" />
    <TestEntry testId="dc3a2e83-c64d-eb6c-019c-a84c62d9238f" executionId="9dc58076-9761-48c6-9e8e-4edf40c35b12" testListId="8c84fa94-04c1-424b-9868-57a2d4851a1d" />
    <TestEntry testId="48f980f3-6e6c-3ec6-e1ed-e48b30e25324" executionId="fea36855-1df8-4d62-961f-a1ad8c4f6cd8" testListId="8c84fa94-04c1-424b-9868-57a2d4851a1d" />
    <TestEntry testId="60db33d2-e1f1-627b-d06e-d9c14704340a" executionId="63e4166f-4312-4768-bcf8-b5707f209c41" testListId="8c84fa94-04c1-424b-9868-57a2d4851a1d" />
    <TestEntry testId="2571eab6-7ba8-4ef1-dba9-7265df8c95a2" executionId="9d23618b-cd9b-4553-9e91-9fce691b0696" testListId="8c84fa94-04c1-424b-9868-57a2d4851a1d" />
    <TestEntry testId="5fb6f0ca-1192-98b2-25c0-05feb8d90e36" executionId="3040ca42-3582-4d74-8547-363d83e2c2ac" testListId="8c84fa94-04c1-424b-9868-57a2d4851a1d" />
    <TestEntry testId="7fd58902-bbab-78b9-711c-bbc714108156" executionId="27b59748-fc27-4512-9648-ea49b77a6f8f" testListId="8c84fa94-04c1-424b-9868-57a2d4851a1d" />
    <TestEntry testId="b60e13ff-6f95-191d-6f35-0f8475226b3a" executionId="7354882a-d002-47c4-acd0-5643bb40a3b0" testListId="8c84fa94-04c1-424b-9868-57a2d4851a1d" />
    <TestEntry testId="9a432a52-9976-058a-70c7-9f215db0a5ba" executionId="99fba1d1-cb8a-42d8-a449-ce40f107f1c6" testListId="8c84fa94-04c1-424b-9868-57a2d4851a1d" />
    <TestEntry testId="08c3f198-6967-7ba7-bbe5-c9e5f3898126" executionId="e4e35baa-2859-46bc-af38-f0cc274c7948" testListId="8c84fa94-04c1-424b-9868-57a2d4851a1d" />
    <TestEntry testId="1352f686-283f-5f66-2a9b-ab47901ccad9" executionId="979e013d-7781-486f-b6c6-2dff3f94706a" testListId="8c84fa94-04c1-424b-9868-57a2d4851a1d" />
    <TestEntry testId="13172e47-cace-28f4-0546-716c41ce457f" executionId="830eba43-f570-486a-8498-c47cc1ef7986" testListId="8c84fa94-04c1-424b-9868-57a2d4851a1d" />
    <TestEntry testId="e535cb5d-f4ca-7c50-3a4c-86eb298a4ff6" executionId="a76e6023-1355-496c-9636-5c72c24df53b" testListId="8c84fa94-04c1-424b-9868-57a2d4851a1d" />
    <TestEntry testId="445c0614-b84b-e512-c47c-e511b838a54f" executionId="503c14ce-5209-447d-a58f-3a201c3ecbd1" testListId="8c84fa94-04c1-424b-9868-57a2d4851a1d" />
    <TestEntry testId="64cad438-adac-c450-955c-062f885da32d" executionId="c2385897-ef47-465a-8a4a-dd19389d32b8" testListId="8c84fa94-04c1-424b-9868-57a2d4851a1d" />
    <TestEntry testId="0879f3c1-a9cd-0d12-a95e-828eab6bbfef" executionId="9312620d-9dfb-4e6a-8a05-4f1b9251a4b6" testListId="8c84fa94-04c1-424b-9868-57a2d4851a1d" />
    <TestEntry testId="6aab58db-766a-5103-6138-5c3029737d5c" executionId="40cd111d-6be6-4fed-8e4f-81ccabfbb620" testListId="8c84fa94-04c1-424b-9868-57a2d4851a1d" />
    <TestEntry testId="34e08f72-a85b-d929-51e2-0c259dc01492" executionId="92e00175-8de4-4ca0-a330-b347f2a2a8d4" testListId="8c84fa94-04c1-424b-9868-57a2d4851a1d" />
    <TestEntry testId="0de34e28-ace2-b2db-2052-f51129645f55" executionId="6a5ab58c-2ca6-413a-9bed-1c93dc6f2e60" testListId="8c84fa94-04c1-424b-9868-57a2d4851a1d" />
    <TestEntry testId="a7a4640d-b32f-9ac0-fe63-9355d0c31904" executionId="ea4c2491-872c-4a79-954f-e55a7dde8057" testListId="8c84fa94-04c1-424b-9868-57a2d4851a1d" />
    <TestEntry testId="e86ad20e-f297-41dd-8529-c29b0246ce08" executionId="52ef6b9b-f130-47f3-a30e-ec66a94c80c0" testListId="8c84fa94-04c1-424b-9868-57a2d4851a1d" />
    <TestEntry testId="c9bce88c-9e1a-90eb-2819-b80aba6a523c" executionId="2f09a57d-c320-4928-acca-fe390ca3b986" testListId="8c84fa94-04c1-424b-9868-57a2d4851a1d" />
    <TestEntry testId="b8a0b28a-f0f4-ad4d-668d-4714e22c8a45" executionId="30132ae4-2c51-466f-9d99-9ae3263aa88f" testListId="8c84fa94-04c1-424b-9868-57a2d4851a1d" />
    <TestEntry testId="4079b68c-7842-eedd-6145-c8816b27b97d" executionId="5c549bc3-ae32-49ca-868c-4ac26c3ea9ba" testListId="8c84fa94-04c1-424b-9868-57a2d4851a1d" />
    <TestEntry testId="d44990c7-a485-b403-8c4b-5c5dd217d529" executionId="b5654776-a6aa-4b9d-9ff2-1a51211fcfa5" testListId="8c84fa94-04c1-424b-9868-57a2d4851a1d" />
    <TestEntry testId="fd1a225a-4a5c-5f84-9f92-230fb4691ae5" executionId="25177040-8466-4386-8bb4-187fcd2abd08" testListId="8c84fa94-04c1-424b-9868-57a2d4851a1d" />
    <TestEntry testId="6a4bc57d-3dd4-6791-d0bb-c2789a61ac15" executionId="4811ae79-3a22-4f8d-97f3-d0cc917141e7" testListId="8c84fa94-04c1-424b-9868-57a2d4851a1d" />
    <TestEntry testId="ea224d0e-cb46-978c-1898-63c01a604bae" executionId="81fd20e9-b63a-40b5-8b38-3e87cb4a6378" testListId="8c84fa94-04c1-424b-9868-57a2d4851a1d" />
    <TestEntry testId="5b2579a2-1a0b-ddd6-d09a-d736b3a8997f" executionId="63077763-37d0-4af2-a372-49f3a6aaff55" testListId="8c84fa94-04c1-424b-9868-57a2d4851a1d" />
  </TestEntries>
  <TestLists>
    <TestList name="Results Not in a List" id="8c84fa94-04c1-424b-9868-57a2d4851a1d" />
    <TestList name="All Loaded Results" id="19431567-8539-422a-85d7-44ee4e166bda" />
  </TestLists>
  <ResultSummary outcome="Completed">
    <Counters total="260" executed="260" passed="260" failed="0" error="0" timeout="0" aborted="0" inconclusive="0" passedButRunAborted="0" notRunnable="0" notExecuted="0" disconnected="0" warning="0" completed="0" inProgress="0" pending="0" />
    <Output>
      <StdOut>[xUnit.net 00:00:00.00] xUnit.net VSTest Adapter v2.5.3.1+6b60a9e56a (64-bit .NET 8.0.25)&#xD;
[xUnit.net 00:00:00.08]   Discovering: SkiaSharpControlV2.Tests&#xD;
[xUnit.net 00:00:00.14]   Discovered:  SkiaSharpControlV2.Tests&#xD;
[xUnit.net 00:00:00.14]   Starting:    SkiaSharpControlV2.Tests&#xD;
[xUnit.net 00:00:00.29]   Finished:    SkiaSharpControlV2.Tests&#xD;
</StdOut>
    </Output>
  </ResultSummary>
</TestRun>